[2022-03-16 20:30:39,608] {taskinstance.py:1032} INFO - Dependencies all met for <TaskInstance: gcs_ingestion_dag_song_feat_v02.extract_from_zip_task scheduled__2022-03-16T00:00:00+00:00 [queued]>
[2022-03-16 20:30:39,616] {taskinstance.py:1032} INFO - Dependencies all met for <TaskInstance: gcs_ingestion_dag_song_feat_v02.extract_from_zip_task scheduled__2022-03-16T00:00:00+00:00 [queued]>
[2022-03-16 20:30:39,616] {taskinstance.py:1238} INFO - 
--------------------------------------------------------------------------------
[2022-03-16 20:30:39,616] {taskinstance.py:1239} INFO - Starting attempt 5 of 6
[2022-03-16 20:30:39,616] {taskinstance.py:1240} INFO - 
--------------------------------------------------------------------------------
[2022-03-16 20:30:39,624] {taskinstance.py:1259} INFO - Executing <Task(PythonOperator): extract_from_zip_task> on 2022-03-16 00:00:00+00:00
[2022-03-16 20:30:39,628] {standard_task_runner.py:52} INFO - Started process 9725 to run task
[2022-03-16 20:30:39,630] {standard_task_runner.py:76} INFO - Running: ['***', 'tasks', 'run', 'gcs_ingestion_dag_song_feat_v02', 'extract_from_zip_task', 'scheduled__2022-03-16T00:00:00+00:00', '--job-id', '115', '--raw', '--subdir', 'DAGS_FOLDER/gcs_ingestion_dag_song_feat_v02.py', '--cfg-path', '/tmp/tmpvotwgk6o', '--error-file', '/tmp/tmpjzg3j_v6']
[2022-03-16 20:30:39,630] {standard_task_runner.py:77} INFO - Job 115: Subtask extract_from_zip_task
[2022-03-16 20:30:39,662] {logging_mixin.py:109} INFO - Running <TaskInstance: gcs_ingestion_dag_song_feat_v02.extract_from_zip_task scheduled__2022-03-16T00:00:00+00:00 [running]> on host 56c17fb3521b
[2022-03-16 20:30:39,693] {taskinstance.py:1426} INFO - Exporting the following env vars:
AIRFLOW_CTX_DAG_OWNER=***
AIRFLOW_CTX_DAG_ID=gcs_ingestion_dag_song_feat_v02
AIRFLOW_CTX_TASK_ID=extract_from_zip_task
AIRFLOW_CTX_EXECUTION_DATE=2022-03-16T00:00:00+00:00
AIRFLOW_CTX_DAG_RUN_ID=scheduled__2022-03-16T00:00:00+00:00
[2022-03-16 20:30:39,708] {python.py:175} INFO - Done. Returned value was: None
[2022-03-16 20:30:39,716] {taskinstance.py:1277} INFO - Marking task as SUCCESS. dag_id=gcs_ingestion_dag_song_feat_v02, task_id=extract_from_zip_task, execution_date=20220316T000000, start_date=20220316T203039, end_date=20220316T203039
[2022-03-16 20:30:39,761] {local_task_job.py:154} INFO - Task exited with return code 0
[2022-03-16 20:30:39,799] {local_task_job.py:264} INFO - 1 downstream tasks scheduled from follow-on schedule check
