[2022-03-17 18:43:26,225] {taskinstance.py:1032} INFO - Dependencies all met for <TaskInstance: gcs_ingestion_dag_song_feat_v02.download_dataset_task manual__2022-03-17T18:43:21.273825+00:00 [queued]>
[2022-03-17 18:43:26,232] {taskinstance.py:1032} INFO - Dependencies all met for <TaskInstance: gcs_ingestion_dag_song_feat_v02.download_dataset_task manual__2022-03-17T18:43:21.273825+00:00 [queued]>
[2022-03-17 18:43:26,232] {taskinstance.py:1238} INFO - 
--------------------------------------------------------------------------------
[2022-03-17 18:43:26,232] {taskinstance.py:1239} INFO - Starting attempt 1 of 2
[2022-03-17 18:43:26,232] {taskinstance.py:1240} INFO - 
--------------------------------------------------------------------------------
[2022-03-17 18:43:26,239] {taskinstance.py:1259} INFO - Executing <Task(BashOperator): download_dataset_task> on 2022-03-17 18:43:21.273825+00:00
[2022-03-17 18:43:26,244] {standard_task_runner.py:52} INFO - Started process 230 to run task
[2022-03-17 18:43:26,246] {standard_task_runner.py:76} INFO - Running: ['***', 'tasks', 'run', 'gcs_ingestion_dag_song_feat_v02', 'download_dataset_task', 'manual__2022-03-17T18:43:21.273825+00:00', '--job-id', '137', '--raw', '--subdir', 'DAGS_FOLDER/gcs_ingestion_dag_song_feat_v02.py', '--cfg-path', '/tmp/tmpcfdsd6w2', '--error-file', '/tmp/tmpl15ichn6']
[2022-03-17 18:43:26,247] {standard_task_runner.py:77} INFO - Job 137: Subtask download_dataset_task
[2022-03-17 18:43:26,281] {logging_mixin.py:109} INFO - Running <TaskInstance: gcs_ingestion_dag_song_feat_v02.download_dataset_task manual__2022-03-17T18:43:21.273825+00:00 [running]> on host 05b31071f52d
[2022-03-17 18:43:26,315] {taskinstance.py:1426} INFO - Exporting the following env vars:
AIRFLOW_CTX_DAG_OWNER=***
AIRFLOW_CTX_DAG_ID=gcs_ingestion_dag_song_feat_v02
AIRFLOW_CTX_TASK_ID=download_dataset_task
AIRFLOW_CTX_EXECUTION_DATE=2022-03-17T18:43:21.273825+00:00
AIRFLOW_CTX_DAG_RUN_ID=manual__2022-03-17T18:43:21.273825+00:00
[2022-03-17 18:43:26,316] {subprocess.py:62} INFO - Tmp dir root location: 
 /tmp
[2022-03-17 18:43:26,316] {subprocess.py:74} INFO - Running command: ['bash', '-c', 'curl -sSLf https://zenodo.org/record/4904639/files/musicoset_songfeatures.zip > /opt/***/musicoset_songfeatures.zip']
[2022-03-17 18:43:26,326] {subprocess.py:85} INFO - Output:
[2022-03-17 18:43:39,846] {subprocess.py:93} INFO - Command exited with return code 0
[2022-03-17 18:43:39,905] {taskinstance.py:1277} INFO - Marking task as SUCCESS. dag_id=gcs_ingestion_dag_song_feat_v02, task_id=download_dataset_task, execution_date=20220317T184321, start_date=20220317T184326, end_date=20220317T184339
[2022-03-17 18:43:39,961] {local_task_job.py:154} INFO - Task exited with return code 0
[2022-03-17 18:43:39,987] {local_task_job.py:264} INFO - 1 downstream tasks scheduled from follow-on schedule check
