[2022-03-17 18:41:32,539] {taskinstance.py:1032} INFO - Dependencies all met for <TaskInstance: gcs_ingestion_dag_song_feat_v02.extract_from_zip_task manual__2022-03-16T20:30:22.172494+00:00 [queued]>
[2022-03-17 18:41:32,546] {taskinstance.py:1032} INFO - Dependencies all met for <TaskInstance: gcs_ingestion_dag_song_feat_v02.extract_from_zip_task manual__2022-03-16T20:30:22.172494+00:00 [queued]>
[2022-03-17 18:41:32,546] {taskinstance.py:1238} INFO - 
--------------------------------------------------------------------------------
[2022-03-17 18:41:32,546] {taskinstance.py:1239} INFO - Starting attempt 1 of 2
[2022-03-17 18:41:32,546] {taskinstance.py:1240} INFO - 
--------------------------------------------------------------------------------
[2022-03-17 18:41:32,553] {taskinstance.py:1259} INFO - Executing <Task(PythonOperator): extract_from_zip_task> on 2022-03-16 20:30:22.172494+00:00
[2022-03-17 18:41:32,558] {standard_task_runner.py:52} INFO - Started process 126 to run task
[2022-03-17 18:41:32,560] {standard_task_runner.py:76} INFO - Running: ['***', 'tasks', 'run', 'gcs_ingestion_dag_song_feat_v02', 'extract_from_zip_task', 'manual__2022-03-16T20:30:22.172494+00:00', '--job-id', '133', '--raw', '--subdir', 'DAGS_FOLDER/gcs_ingestion_dag_song_feat_v02.py', '--cfg-path', '/tmp/tmp_9qunzfp', '--error-file', '/tmp/tmp2ps4irq9']
[2022-03-17 18:41:32,560] {standard_task_runner.py:77} INFO - Job 133: Subtask extract_from_zip_task
[2022-03-17 18:41:32,595] {logging_mixin.py:109} INFO - Running <TaskInstance: gcs_ingestion_dag_song_feat_v02.extract_from_zip_task manual__2022-03-16T20:30:22.172494+00:00 [running]> on host 05b31071f52d
[2022-03-17 18:41:32,629] {taskinstance.py:1426} INFO - Exporting the following env vars:
AIRFLOW_CTX_DAG_OWNER=***
AIRFLOW_CTX_DAG_ID=gcs_ingestion_dag_song_feat_v02
AIRFLOW_CTX_TASK_ID=extract_from_zip_task
AIRFLOW_CTX_EXECUTION_DATE=2022-03-16T20:30:22.172494+00:00
AIRFLOW_CTX_DAG_RUN_ID=manual__2022-03-16T20:30:22.172494+00:00
[2022-03-17 18:41:32,644] {python.py:175} INFO - Done. Returned value was: None
[2022-03-17 18:41:32,651] {taskinstance.py:1277} INFO - Marking task as SUCCESS. dag_id=gcs_ingestion_dag_song_feat_v02, task_id=extract_from_zip_task, execution_date=20220316T203022, start_date=20220317T184132, end_date=20220317T184132
[2022-03-17 18:41:32,691] {local_task_job.py:154} INFO - Task exited with return code 0
[2022-03-17 18:41:32,720] {local_task_job.py:264} INFO - 1 downstream tasks scheduled from follow-on schedule check
