[2022-03-17 18:44:50,997] {taskinstance.py:1032} INFO - Dependencies all met for <TaskInstance: gcs_ingestion_dag_song_pop.format_to_parquet_task manual__2022-03-17T18:44:42.368942+00:00 [queued]>
[2022-03-17 18:44:51,004] {taskinstance.py:1032} INFO - Dependencies all met for <TaskInstance: gcs_ingestion_dag_song_pop.format_to_parquet_task manual__2022-03-17T18:44:42.368942+00:00 [queued]>
[2022-03-17 18:44:51,004] {taskinstance.py:1238} INFO - 
--------------------------------------------------------------------------------
[2022-03-17 18:44:51,004] {taskinstance.py:1239} INFO - Starting attempt 1 of 2
[2022-03-17 18:44:51,004] {taskinstance.py:1240} INFO - 
--------------------------------------------------------------------------------
[2022-03-17 18:44:51,011] {taskinstance.py:1259} INFO - Executing <Task(PythonOperator): format_to_parquet_task> on 2022-03-17 18:44:42.368942+00:00
[2022-03-17 18:44:51,016] {standard_task_runner.py:52} INFO - Started process 322 to run task
[2022-03-17 18:44:51,018] {standard_task_runner.py:76} INFO - Running: ['***', 'tasks', 'run', 'gcs_ingestion_dag_song_pop', 'format_to_parquet_task', 'manual__2022-03-17T18:44:42.368942+00:00', '--job-id', '143', '--raw', '--subdir', 'DAGS_FOLDER/gcs_ingestion_dag_song_pop.py', '--cfg-path', '/tmp/tmpaqs4ejyc', '--error-file', '/tmp/tmpen0t5jy4']
[2022-03-17 18:44:51,019] {standard_task_runner.py:77} INFO - Job 143: Subtask format_to_parquet_task
[2022-03-17 18:44:51,054] {logging_mixin.py:109} INFO - Running <TaskInstance: gcs_ingestion_dag_song_pop.format_to_parquet_task manual__2022-03-17T18:44:42.368942+00:00 [running]> on host 05b31071f52d
[2022-03-17 18:44:51,115] {taskinstance.py:1426} INFO - Exporting the following env vars:
AIRFLOW_CTX_DAG_OWNER=***
AIRFLOW_CTX_DAG_ID=gcs_ingestion_dag_song_pop
AIRFLOW_CTX_TASK_ID=format_to_parquet_task
AIRFLOW_CTX_EXECUTION_DATE=2022-03-17T18:44:42.368942+00:00
AIRFLOW_CTX_DAG_RUN_ID=manual__2022-03-17T18:44:42.368942+00:00
[2022-03-17 18:44:51,245] {python.py:175} INFO - Done. Returned value was: None
[2022-03-17 18:44:51,253] {taskinstance.py:1277} INFO - Marking task as SUCCESS. dag_id=gcs_ingestion_dag_song_pop, task_id=format_to_parquet_task, execution_date=20220317T184442, start_date=20220317T184450, end_date=20220317T184451
[2022-03-17 18:44:51,310] {local_task_job.py:154} INFO - Task exited with return code 0
[2022-03-17 18:44:51,332] {local_task_job.py:264} INFO - 1 downstream tasks scheduled from follow-on schedule check
