[2022-03-16 20:31:00,877] {taskinstance.py:1032} INFO - Dependencies all met for <TaskInstance: gcs_ingestion_dag_song_feat_v02.local_to_gcs_task manual__2022-03-16T20:16:22.667936+00:00 [queued]>
[2022-03-16 20:31:00,884] {taskinstance.py:1032} INFO - Dependencies all met for <TaskInstance: gcs_ingestion_dag_song_feat_v02.local_to_gcs_task manual__2022-03-16T20:16:22.667936+00:00 [queued]>
[2022-03-16 20:31:00,884] {taskinstance.py:1238} INFO - 
--------------------------------------------------------------------------------
[2022-03-16 20:31:00,884] {taskinstance.py:1239} INFO - Starting attempt 1 of 2
[2022-03-16 20:31:00,885] {taskinstance.py:1240} INFO - 
--------------------------------------------------------------------------------
[2022-03-16 20:31:00,893] {taskinstance.py:1259} INFO - Executing <Task(PythonOperator): local_to_gcs_task> on 2022-03-16 20:16:22.667936+00:00
[2022-03-16 20:31:00,899] {standard_task_runner.py:52} INFO - Started process 9774 to run task
[2022-03-16 20:31:00,901] {standard_task_runner.py:76} INFO - Running: ['***', 'tasks', 'run', 'gcs_ingestion_dag_song_feat_v02', 'local_to_gcs_task', 'manual__2022-03-16T20:16:22.667936+00:00', '--job-id', '121', '--raw', '--subdir', 'DAGS_FOLDER/gcs_ingestion_dag_song_feat_v02.py', '--cfg-path', '/tmp/tmp_l16vp6o', '--error-file', '/tmp/tmppck5vhev']
[2022-03-16 20:31:00,901] {standard_task_runner.py:77} INFO - Job 121: Subtask local_to_gcs_task
[2022-03-16 20:31:00,937] {logging_mixin.py:109} INFO - Running <TaskInstance: gcs_ingestion_dag_song_feat_v02.local_to_gcs_task manual__2022-03-16T20:16:22.667936+00:00 [running]> on host 56c17fb3521b
[2022-03-16 20:31:00,972] {taskinstance.py:1426} INFO - Exporting the following env vars:
AIRFLOW_CTX_DAG_OWNER=***
AIRFLOW_CTX_DAG_ID=gcs_ingestion_dag_song_feat_v02
AIRFLOW_CTX_TASK_ID=local_to_gcs_task
AIRFLOW_CTX_EXECUTION_DATE=2022-03-16T20:16:22.667936+00:00
AIRFLOW_CTX_DAG_RUN_ID=manual__2022-03-16T20:16:22.667936+00:00
[2022-03-16 20:31:03,980] {python.py:175} INFO - Done. Returned value was: None
[2022-03-16 20:31:03,990] {taskinstance.py:1277} INFO - Marking task as SUCCESS. dag_id=gcs_ingestion_dag_song_feat_v02, task_id=local_to_gcs_task, execution_date=20220316T201622, start_date=20220316T203100, end_date=20220316T203103
[2022-03-16 20:31:04,042] {local_task_job.py:154} INFO - Task exited with return code 0
[2022-03-16 20:31:04,099] {local_task_job.py:264} INFO - 0 downstream tasks scheduled from follow-on schedule check
