[2022-03-16 17:29:04,549] {taskinstance.py:1032} INFO - Dependencies all met for <TaskInstance: gcs_ingestion_dag_v04_pt1.download_dataset_task scheduled__2022-03-16T00:00:00+00:00 [queued]>
[2022-03-16 17:29:04,558] {taskinstance.py:1032} INFO - Dependencies all met for <TaskInstance: gcs_ingestion_dag_v04_pt1.download_dataset_task scheduled__2022-03-16T00:00:00+00:00 [queued]>
[2022-03-16 17:29:04,558] {taskinstance.py:1238} INFO - 
--------------------------------------------------------------------------------
[2022-03-16 17:29:04,558] {taskinstance.py:1239} INFO - Starting attempt 1 of 2
[2022-03-16 17:29:04,558] {taskinstance.py:1240} INFO - 
--------------------------------------------------------------------------------
[2022-03-16 17:29:04,568] {taskinstance.py:1259} INFO - Executing <Task(BashOperator): download_dataset_task> on 2022-03-16 00:00:00+00:00
[2022-03-16 17:29:04,572] {standard_task_runner.py:52} INFO - Started process 1057 to run task
[2022-03-16 17:29:04,574] {standard_task_runner.py:76} INFO - Running: ['***', 'tasks', 'run', 'gcs_ingestion_dag_v04_pt1', 'download_dataset_task', 'scheduled__2022-03-16T00:00:00+00:00', '--job-id', '80', '--raw', '--subdir', 'DAGS_FOLDER/gcs_ingestion_dag_v04_pt1.py', '--cfg-path', '/tmp/tmp_u1hp7k9', '--error-file', '/tmp/tmp3hsxqewm']
[2022-03-16 17:29:04,574] {standard_task_runner.py:77} INFO - Job 80: Subtask download_dataset_task
[2022-03-16 17:29:04,610] {logging_mixin.py:109} INFO - Running <TaskInstance: gcs_ingestion_dag_v04_pt1.download_dataset_task scheduled__2022-03-16T00:00:00+00:00 [running]> on host 56c17fb3521b
[2022-03-16 17:29:04,646] {taskinstance.py:1426} INFO - Exporting the following env vars:
AIRFLOW_CTX_DAG_OWNER=***
AIRFLOW_CTX_DAG_ID=gcs_ingestion_dag_v04_pt1
AIRFLOW_CTX_TASK_ID=download_dataset_task
AIRFLOW_CTX_EXECUTION_DATE=2022-03-16T00:00:00+00:00
AIRFLOW_CTX_DAG_RUN_ID=scheduled__2022-03-16T00:00:00+00:00
[2022-03-16 17:29:04,646] {subprocess.py:62} INFO - Tmp dir root location: 
 /tmp
[2022-03-16 17:29:04,647] {subprocess.py:74} INFO - Running command: ['bash', '-c', 'curl -sSLf https://www.dropbox.com/s/a1kl5e35j4o53mz/bandcamp-items-json.zip > /opt/***/bandcamp-items-json.zip']
[2022-03-16 17:29:04,655] {subprocess.py:85} INFO - Output:
[2022-03-16 17:29:41,620] {subprocess.py:93} INFO - Command exited with return code 0
[2022-03-16 17:29:41,642] {taskinstance.py:1277} INFO - Marking task as SUCCESS. dag_id=gcs_ingestion_dag_v04_pt1, task_id=download_dataset_task, execution_date=20220316T000000, start_date=20220316T172904, end_date=20220316T172941
[2022-03-16 17:29:41,670] {local_task_job.py:154} INFO - Task exited with return code 0
[2022-03-16 17:29:41,691] {local_task_job.py:264} INFO - 1 downstream tasks scheduled from follow-on schedule check
