[2022-03-17 19:30:57,236] {taskinstance.py:1032} INFO - Dependencies all met for <TaskInstance: gcs_ingestion_dag_song_pop.local_to_gcs_task manual__2022-03-17T19:30:48.505333+00:00 [queued]>
[2022-03-17 19:30:57,243] {taskinstance.py:1032} INFO - Dependencies all met for <TaskInstance: gcs_ingestion_dag_song_pop.local_to_gcs_task manual__2022-03-17T19:30:48.505333+00:00 [queued]>
[2022-03-17 19:30:57,243] {taskinstance.py:1238} INFO - 
--------------------------------------------------------------------------------
[2022-03-17 19:30:57,243] {taskinstance.py:1239} INFO - Starting attempt 1 of 2
[2022-03-17 19:30:57,243] {taskinstance.py:1240} INFO - 
--------------------------------------------------------------------------------
[2022-03-17 19:30:57,251] {taskinstance.py:1259} INFO - Executing <Task(PythonOperator): local_to_gcs_task> on 2022-03-17 19:30:48.505333+00:00
[2022-03-17 19:30:57,256] {standard_task_runner.py:52} INFO - Started process 2664 to run task
[2022-03-17 19:30:57,258] {standard_task_runner.py:76} INFO - Running: ['***', 'tasks', 'run', 'gcs_ingestion_dag_song_pop', 'local_to_gcs_task', 'manual__2022-03-17T19:30:48.505333+00:00', '--job-id', '168', '--raw', '--subdir', 'DAGS_FOLDER/gcs_ingestion_dag_song_pop.py', '--cfg-path', '/tmp/tmpewz0u1s_', '--error-file', '/tmp/tmpg6bvvvht']
[2022-03-17 19:30:57,259] {standard_task_runner.py:77} INFO - Job 168: Subtask local_to_gcs_task
[2022-03-17 19:30:57,294] {logging_mixin.py:109} INFO - Running <TaskInstance: gcs_ingestion_dag_song_pop.local_to_gcs_task manual__2022-03-17T19:30:48.505333+00:00 [running]> on host 05b31071f52d
[2022-03-17 19:30:57,335] {taskinstance.py:1426} INFO - Exporting the following env vars:
AIRFLOW_CTX_DAG_OWNER=***
AIRFLOW_CTX_DAG_ID=gcs_ingestion_dag_song_pop
AIRFLOW_CTX_TASK_ID=local_to_gcs_task
AIRFLOW_CTX_EXECUTION_DATE=2022-03-17T19:30:48.505333+00:00
AIRFLOW_CTX_DAG_RUN_ID=manual__2022-03-17T19:30:48.505333+00:00
[2022-03-17 19:30:59,798] {python.py:175} INFO - Done. Returned value was: None
[2022-03-17 19:30:59,810] {taskinstance.py:1277} INFO - Marking task as SUCCESS. dag_id=gcs_ingestion_dag_song_pop, task_id=local_to_gcs_task, execution_date=20220317T193048, start_date=20220317T193057, end_date=20220317T193059
[2022-03-17 19:30:59,837] {local_task_job.py:154} INFO - Task exited with return code 0
[2022-03-17 19:30:59,860] {local_task_job.py:264} INFO - 1 downstream tasks scheduled from follow-on schedule check
