[2022-03-16 17:30:06,455] {taskinstance.py:1032} INFO - Dependencies all met for <TaskInstance: gcs_ingestion_dag_v04_pt1.download_dataset_task manual__2022-03-16T17:29:04.059277+00:00 [queued]>
[2022-03-16 17:30:06,462] {taskinstance.py:1032} INFO - Dependencies all met for <TaskInstance: gcs_ingestion_dag_v04_pt1.download_dataset_task manual__2022-03-16T17:29:04.059277+00:00 [queued]>
[2022-03-16 17:30:06,462] {taskinstance.py:1238} INFO - 
--------------------------------------------------------------------------------
[2022-03-16 17:30:06,462] {taskinstance.py:1239} INFO - Starting attempt 1 of 2
[2022-03-16 17:30:06,462] {taskinstance.py:1240} INFO - 
--------------------------------------------------------------------------------
[2022-03-16 17:30:06,470] {taskinstance.py:1259} INFO - Executing <Task(BashOperator): download_dataset_task> on 2022-03-16 17:29:04.059277+00:00
[2022-03-16 17:30:06,473] {standard_task_runner.py:52} INFO - Started process 1113 to run task
[2022-03-16 17:30:06,474] {standard_task_runner.py:76} INFO - Running: ['***', 'tasks', 'run', 'gcs_ingestion_dag_v04_pt1', 'download_dataset_task', 'manual__2022-03-16T17:29:04.059277+00:00', '--job-id', '82', '--raw', '--subdir', 'DAGS_FOLDER/gcs_ingestion_dag_v04_pt1.py', '--cfg-path', '/tmp/tmpoq6tg1yr', '--error-file', '/tmp/tmpvy2ctsl0']
[2022-03-16 17:30:06,475] {standard_task_runner.py:77} INFO - Job 82: Subtask download_dataset_task
[2022-03-16 17:30:06,508] {logging_mixin.py:109} INFO - Running <TaskInstance: gcs_ingestion_dag_v04_pt1.download_dataset_task manual__2022-03-16T17:29:04.059277+00:00 [running]> on host 56c17fb3521b
[2022-03-16 17:30:06,542] {taskinstance.py:1426} INFO - Exporting the following env vars:
AIRFLOW_CTX_DAG_OWNER=***
AIRFLOW_CTX_DAG_ID=gcs_ingestion_dag_v04_pt1
AIRFLOW_CTX_TASK_ID=download_dataset_task
AIRFLOW_CTX_EXECUTION_DATE=2022-03-16T17:29:04.059277+00:00
AIRFLOW_CTX_DAG_RUN_ID=manual__2022-03-16T17:29:04.059277+00:00
[2022-03-16 17:30:06,542] {subprocess.py:62} INFO - Tmp dir root location: 
 /tmp
[2022-03-16 17:30:06,543] {subprocess.py:74} INFO - Running command: ['bash', '-c', 'curl -sSLf https://www.dropbox.com/s/a1kl5e35j4o53mz/bandcamp-items-json.zip > /opt/***/bandcamp-items-json.zip']
[2022-03-16 17:30:06,549] {subprocess.py:85} INFO - Output:
[2022-03-16 17:30:43,867] {subprocess.py:93} INFO - Command exited with return code 0
[2022-03-16 17:30:43,926] {taskinstance.py:1277} INFO - Marking task as SUCCESS. dag_id=gcs_ingestion_dag_v04_pt1, task_id=download_dataset_task, execution_date=20220316T172904, start_date=20220316T173006, end_date=20220316T173043
[2022-03-16 17:30:43,948] {local_task_job.py:154} INFO - Task exited with return code 0
[2022-03-16 17:30:43,971] {local_task_job.py:264} INFO - 1 downstream tasks scheduled from follow-on schedule check
