[2022-03-16 20:35:53,929] {taskinstance.py:1032} INFO - Dependencies all met for <TaskInstance: gcs_ingestion_dag_song_pop.format_to_parquet_task scheduled__2022-03-16T00:00:00+00:00 [queued]>
[2022-03-16 20:35:53,936] {taskinstance.py:1032} INFO - Dependencies all met for <TaskInstance: gcs_ingestion_dag_song_pop.format_to_parquet_task scheduled__2022-03-16T00:00:00+00:00 [queued]>
[2022-03-16 20:35:53,936] {taskinstance.py:1238} INFO - 
--------------------------------------------------------------------------------
[2022-03-16 20:35:53,936] {taskinstance.py:1239} INFO - Starting attempt 1 of 2
[2022-03-16 20:35:53,936] {taskinstance.py:1240} INFO - 
--------------------------------------------------------------------------------
[2022-03-16 20:35:53,944] {taskinstance.py:1259} INFO - Executing <Task(PythonOperator): format_to_parquet_task> on 2022-03-16 00:00:00+00:00
[2022-03-16 20:35:53,949] {standard_task_runner.py:52} INFO - Started process 10026 to run task
[2022-03-16 20:35:53,951] {standard_task_runner.py:76} INFO - Running: ['***', 'tasks', 'run', 'gcs_ingestion_dag_song_pop', 'format_to_parquet_task', 'scheduled__2022-03-16T00:00:00+00:00', '--job-id', '127', '--raw', '--subdir', 'DAGS_FOLDER/gcs_ingestion_dag_song_pop.py', '--cfg-path', '/tmp/tmpqept61q4', '--error-file', '/tmp/tmpl4wip5ri']
[2022-03-16 20:35:53,951] {standard_task_runner.py:77} INFO - Job 127: Subtask format_to_parquet_task
[2022-03-16 20:35:53,982] {logging_mixin.py:109} INFO - Running <TaskInstance: gcs_ingestion_dag_song_pop.format_to_parquet_task scheduled__2022-03-16T00:00:00+00:00 [running]> on host 56c17fb3521b
[2022-03-16 20:35:54,013] {taskinstance.py:1426} INFO - Exporting the following env vars:
AIRFLOW_CTX_DAG_OWNER=***
AIRFLOW_CTX_DAG_ID=gcs_ingestion_dag_song_pop
AIRFLOW_CTX_TASK_ID=format_to_parquet_task
AIRFLOW_CTX_EXECUTION_DATE=2022-03-16T00:00:00+00:00
AIRFLOW_CTX_DAG_RUN_ID=scheduled__2022-03-16T00:00:00+00:00
[2022-03-16 20:35:54,125] {python.py:175} INFO - Done. Returned value was: None
[2022-03-16 20:35:54,133] {taskinstance.py:1277} INFO - Marking task as SUCCESS. dag_id=gcs_ingestion_dag_song_pop, task_id=format_to_parquet_task, execution_date=20220316T000000, start_date=20220316T203553, end_date=20220316T203554
[2022-03-16 20:35:54,163] {local_task_job.py:154} INFO - Task exited with return code 0
[2022-03-16 20:35:54,195] {local_task_job.py:264} INFO - 1 downstream tasks scheduled from follow-on schedule check
