[2022-03-17 19:30:56,075] {taskinstance.py:1032} INFO - Dependencies all met for <TaskInstance: gcs_ingestion_dag_song_pop.format_to_parquet_task manual__2022-03-17T19:30:48.505333+00:00 [queued]>
[2022-03-17 19:30:56,085] {taskinstance.py:1032} INFO - Dependencies all met for <TaskInstance: gcs_ingestion_dag_song_pop.format_to_parquet_task manual__2022-03-17T19:30:48.505333+00:00 [queued]>
[2022-03-17 19:30:56,085] {taskinstance.py:1238} INFO - 
--------------------------------------------------------------------------------
[2022-03-17 19:30:56,085] {taskinstance.py:1239} INFO - Starting attempt 1 of 2
[2022-03-17 19:30:56,085] {taskinstance.py:1240} INFO - 
--------------------------------------------------------------------------------
[2022-03-17 19:30:56,096] {taskinstance.py:1259} INFO - Executing <Task(PythonOperator): format_to_parquet_task> on 2022-03-17 19:30:48.505333+00:00
[2022-03-17 19:30:56,103] {standard_task_runner.py:52} INFO - Started process 2644 to run task
[2022-03-17 19:30:56,105] {standard_task_runner.py:76} INFO - Running: ['***', 'tasks', 'run', 'gcs_ingestion_dag_song_pop', 'format_to_parquet_task', 'manual__2022-03-17T19:30:48.505333+00:00', '--job-id', '167', '--raw', '--subdir', 'DAGS_FOLDER/gcs_ingestion_dag_song_pop.py', '--cfg-path', '/tmp/tmpqktifly_', '--error-file', '/tmp/tmpbwlgppob']
[2022-03-17 19:30:56,106] {standard_task_runner.py:77} INFO - Job 167: Subtask format_to_parquet_task
[2022-03-17 19:30:56,146] {logging_mixin.py:109} INFO - Running <TaskInstance: gcs_ingestion_dag_song_pop.format_to_parquet_task manual__2022-03-17T19:30:48.505333+00:00 [running]> on host 05b31071f52d
[2022-03-17 19:30:56,186] {taskinstance.py:1426} INFO - Exporting the following env vars:
AIRFLOW_CTX_DAG_OWNER=***
AIRFLOW_CTX_DAG_ID=gcs_ingestion_dag_song_pop
AIRFLOW_CTX_TASK_ID=format_to_parquet_task
AIRFLOW_CTX_EXECUTION_DATE=2022-03-17T19:30:48.505333+00:00
AIRFLOW_CTX_DAG_RUN_ID=manual__2022-03-17T19:30:48.505333+00:00
[2022-03-17 19:30:56,307] {python.py:175} INFO - Done. Returned value was: None
[2022-03-17 19:30:56,316] {taskinstance.py:1277} INFO - Marking task as SUCCESS. dag_id=gcs_ingestion_dag_song_pop, task_id=format_to_parquet_task, execution_date=20220317T193048, start_date=20220317T193056, end_date=20220317T193056
[2022-03-17 19:30:56,357] {local_task_job.py:154} INFO - Task exited with return code 0
[2022-03-17 19:30:56,387] {local_task_job.py:264} INFO - 1 downstream tasks scheduled from follow-on schedule check
