[2022-03-16 20:33:30,830] {taskinstance.py:1032} INFO - Dependencies all met for <TaskInstance: gcs_ingestion_dag_song_pop.extract_from_zip_task scheduled__2022-03-16T00:00:00+00:00 [queued]>
[2022-03-16 20:33:30,837] {taskinstance.py:1032} INFO - Dependencies all met for <TaskInstance: gcs_ingestion_dag_song_pop.extract_from_zip_task scheduled__2022-03-16T00:00:00+00:00 [queued]>
[2022-03-16 20:33:30,837] {taskinstance.py:1238} INFO - 
--------------------------------------------------------------------------------
[2022-03-16 20:33:30,837] {taskinstance.py:1239} INFO - Starting attempt 1 of 2
[2022-03-16 20:33:30,837] {taskinstance.py:1240} INFO - 
--------------------------------------------------------------------------------
[2022-03-16 20:33:30,845] {taskinstance.py:1259} INFO - Executing <Task(PythonOperator): extract_from_zip_task> on 2022-03-16 00:00:00+00:00
[2022-03-16 20:33:30,850] {standard_task_runner.py:52} INFO - Started process 9911 to run task
[2022-03-16 20:33:30,852] {standard_task_runner.py:76} INFO - Running: ['***', 'tasks', 'run', 'gcs_ingestion_dag_song_pop', 'extract_from_zip_task', 'scheduled__2022-03-16T00:00:00+00:00', '--job-id', '124', '--raw', '--subdir', 'DAGS_FOLDER/gcs_ingestion_dag_song_pop.py', '--cfg-path', '/tmp/tmp27_u66cp', '--error-file', '/tmp/tmptrbrj6h3']
[2022-03-16 20:33:30,853] {standard_task_runner.py:77} INFO - Job 124: Subtask extract_from_zip_task
[2022-03-16 20:33:30,885] {logging_mixin.py:109} INFO - Running <TaskInstance: gcs_ingestion_dag_song_pop.extract_from_zip_task scheduled__2022-03-16T00:00:00+00:00 [running]> on host 56c17fb3521b
[2022-03-16 20:33:30,919] {taskinstance.py:1426} INFO - Exporting the following env vars:
AIRFLOW_CTX_DAG_OWNER=***
AIRFLOW_CTX_DAG_ID=gcs_ingestion_dag_song_pop
AIRFLOW_CTX_TASK_ID=extract_from_zip_task
AIRFLOW_CTX_EXECUTION_DATE=2022-03-16T00:00:00+00:00
AIRFLOW_CTX_DAG_RUN_ID=scheduled__2022-03-16T00:00:00+00:00
[2022-03-16 20:33:30,920] {taskinstance.py:1700} ERROR - Task failed with exception
Traceback (most recent call last):
  File "/home/airflow/.local/lib/python3.7/site-packages/airflow/models/taskinstance.py", line 1329, in _run_raw_task
    self._execute_task_with_callbacks(context)
  File "/home/airflow/.local/lib/python3.7/site-packages/airflow/models/taskinstance.py", line 1455, in _execute_task_with_callbacks
    result = self._execute_task(context, self.task)
  File "/home/airflow/.local/lib/python3.7/site-packages/airflow/models/taskinstance.py", line 1511, in _execute_task
    result = execute_callable(context=context)
  File "/home/airflow/.local/lib/python3.7/site-packages/airflow/operators/python.py", line 174, in execute
    return_value = self.execute_callable()
  File "/home/airflow/.local/lib/python3.7/site-packages/airflow/operators/python.py", line 185, in execute_callable
    return self.python_callable(*self.op_args, **self.op_kwargs)
  File "/opt/airflow/dags/gcs_ingestion_dag_song_pop.py", line 28, in extract_from_zip
    with ZipFile('musicoset_songfeatures.zip', 'r') as zipObj:
  File "/usr/local/lib/python3.7/zipfile.py", line 1258, in __init__
    self._RealGetContents()
  File "/usr/local/lib/python3.7/zipfile.py", line 1325, in _RealGetContents
    raise BadZipFile("File is not a zip file")
zipfile.BadZipFile: File is not a zip file
[2022-03-16 20:33:30,929] {taskinstance.py:1277} INFO - Marking task as UP_FOR_RETRY. dag_id=gcs_ingestion_dag_song_pop, task_id=extract_from_zip_task, execution_date=20220316T000000, start_date=20220316T203330, end_date=20220316T203330
[2022-03-16 20:33:30,938] {standard_task_runner.py:92} ERROR - Failed to execute job 124 for task extract_from_zip_task
Traceback (most recent call last):
  File "/home/airflow/.local/lib/python3.7/site-packages/airflow/task/task_runner/standard_task_runner.py", line 85, in _start_by_fork
    args.func(args, dag=self.dag)
  File "/home/airflow/.local/lib/python3.7/site-packages/airflow/cli/cli_parser.py", line 48, in command
    return func(*args, **kwargs)
  File "/home/airflow/.local/lib/python3.7/site-packages/airflow/utils/cli.py", line 92, in wrapper
    return f(*args, **kwargs)
  File "/home/airflow/.local/lib/python3.7/site-packages/airflow/cli/commands/task_command.py", line 298, in task_run
    _run_task_by_selected_method(args, dag, ti)
  File "/home/airflow/.local/lib/python3.7/site-packages/airflow/cli/commands/task_command.py", line 107, in _run_task_by_selected_method
    _run_raw_task(args, ti)
  File "/home/airflow/.local/lib/python3.7/site-packages/airflow/cli/commands/task_command.py", line 184, in _run_raw_task
    error_file=args.error_file,
  File "/home/airflow/.local/lib/python3.7/site-packages/airflow/utils/session.py", line 70, in wrapper
    return func(*args, session=session, **kwargs)
  File "/home/airflow/.local/lib/python3.7/site-packages/airflow/models/taskinstance.py", line 1329, in _run_raw_task
    self._execute_task_with_callbacks(context)
  File "/home/airflow/.local/lib/python3.7/site-packages/airflow/models/taskinstance.py", line 1455, in _execute_task_with_callbacks
    result = self._execute_task(context, self.task)
  File "/home/airflow/.local/lib/python3.7/site-packages/airflow/models/taskinstance.py", line 1511, in _execute_task
    result = execute_callable(context=context)
  File "/home/airflow/.local/lib/python3.7/site-packages/airflow/operators/python.py", line 174, in execute
    return_value = self.execute_callable()
  File "/home/airflow/.local/lib/python3.7/site-packages/airflow/operators/python.py", line 185, in execute_callable
    return self.python_callable(*self.op_args, **self.op_kwargs)
  File "/opt/airflow/dags/gcs_ingestion_dag_song_pop.py", line 28, in extract_from_zip
    with ZipFile('musicoset_songfeatures.zip', 'r') as zipObj:
  File "/usr/local/lib/python3.7/zipfile.py", line 1258, in __init__
    self._RealGetContents()
  File "/usr/local/lib/python3.7/zipfile.py", line 1325, in _RealGetContents
    raise BadZipFile("File is not a zip file")
zipfile.BadZipFile: File is not a zip file
[2022-03-16 20:33:30,984] {local_task_job.py:154} INFO - Task exited with return code 1
[2022-03-16 20:33:31,008] {local_task_job.py:264} INFO - 0 downstream tasks scheduled from follow-on schedule check
