[2022-03-16 20:35:52,745] {taskinstance.py:1032} INFO - Dependencies all met for <TaskInstance: gcs_ingestion_dag_song_pop.extract_from_zip_task scheduled__2022-03-16T00:00:00+00:00 [queued]>
[2022-03-16 20:35:52,752] {taskinstance.py:1032} INFO - Dependencies all met for <TaskInstance: gcs_ingestion_dag_song_pop.extract_from_zip_task scheduled__2022-03-16T00:00:00+00:00 [queued]>
[2022-03-16 20:35:52,752] {taskinstance.py:1238} INFO - 
--------------------------------------------------------------------------------
[2022-03-16 20:35:52,752] {taskinstance.py:1239} INFO - Starting attempt 2 of 3
[2022-03-16 20:35:52,752] {taskinstance.py:1240} INFO - 
--------------------------------------------------------------------------------
[2022-03-16 20:35:52,760] {taskinstance.py:1259} INFO - Executing <Task(PythonOperator): extract_from_zip_task> on 2022-03-16 00:00:00+00:00
[2022-03-16 20:35:52,765] {standard_task_runner.py:52} INFO - Started process 10023 to run task
[2022-03-16 20:35:52,767] {standard_task_runner.py:76} INFO - Running: ['***', 'tasks', 'run', 'gcs_ingestion_dag_song_pop', 'extract_from_zip_task', 'scheduled__2022-03-16T00:00:00+00:00', '--job-id', '126', '--raw', '--subdir', 'DAGS_FOLDER/gcs_ingestion_dag_song_pop.py', '--cfg-path', '/tmp/tmplv18tpfp', '--error-file', '/tmp/tmpd2im9b_p']
[2022-03-16 20:35:52,768] {standard_task_runner.py:77} INFO - Job 126: Subtask extract_from_zip_task
[2022-03-16 20:35:52,799] {logging_mixin.py:109} INFO - Running <TaskInstance: gcs_ingestion_dag_song_pop.extract_from_zip_task scheduled__2022-03-16T00:00:00+00:00 [running]> on host 56c17fb3521b
[2022-03-16 20:35:52,831] {taskinstance.py:1426} INFO - Exporting the following env vars:
AIRFLOW_CTX_DAG_OWNER=***
AIRFLOW_CTX_DAG_ID=gcs_ingestion_dag_song_pop
AIRFLOW_CTX_TASK_ID=extract_from_zip_task
AIRFLOW_CTX_EXECUTION_DATE=2022-03-16T00:00:00+00:00
AIRFLOW_CTX_DAG_RUN_ID=scheduled__2022-03-16T00:00:00+00:00
[2022-03-16 20:35:52,878] {python.py:175} INFO - Done. Returned value was: None
[2022-03-16 20:35:52,886] {taskinstance.py:1277} INFO - Marking task as SUCCESS. dag_id=gcs_ingestion_dag_song_pop, task_id=extract_from_zip_task, execution_date=20220316T000000, start_date=20220316T203552, end_date=20220316T203552
[2022-03-16 20:35:52,939] {local_task_job.py:154} INFO - Task exited with return code 0
[2022-03-16 20:35:52,967] {local_task_job.py:264} INFO - 1 downstream tasks scheduled from follow-on schedule check
