[2022-03-16 19:20:02,554] {taskinstance.py:1032} INFO - Dependencies all met for <TaskInstance: gcs_ingestion_dag_song_feat.extract_from_zip_task scheduled__2022-03-16T00:00:00+00:00 [queued]>
[2022-03-16 19:20:02,561] {taskinstance.py:1032} INFO - Dependencies all met for <TaskInstance: gcs_ingestion_dag_song_feat.extract_from_zip_task scheduled__2022-03-16T00:00:00+00:00 [queued]>
[2022-03-16 19:20:02,561] {taskinstance.py:1238} INFO - 
--------------------------------------------------------------------------------
[2022-03-16 19:20:02,561] {taskinstance.py:1239} INFO - Starting attempt 1 of 2
[2022-03-16 19:20:02,561] {taskinstance.py:1240} INFO - 
--------------------------------------------------------------------------------
[2022-03-16 19:20:02,568] {taskinstance.py:1259} INFO - Executing <Task(BashOperator): extract_from_zip_task> on 2022-03-16 00:00:00+00:00
[2022-03-16 19:20:02,573] {standard_task_runner.py:52} INFO - Started process 6331 to run task
[2022-03-16 19:20:02,575] {standard_task_runner.py:76} INFO - Running: ['***', 'tasks', 'run', 'gcs_ingestion_dag_song_feat', 'extract_from_zip_task', 'scheduled__2022-03-16T00:00:00+00:00', '--job-id', '97', '--raw', '--subdir', 'DAGS_FOLDER/gcs_ingestion_dag_song_feat.py', '--cfg-path', '/tmp/tmp7lq8dq1x', '--error-file', '/tmp/tmptqm_svz_']
[2022-03-16 19:20:02,575] {standard_task_runner.py:77} INFO - Job 97: Subtask extract_from_zip_task
[2022-03-16 19:20:02,606] {logging_mixin.py:109} INFO - Running <TaskInstance: gcs_ingestion_dag_song_feat.extract_from_zip_task scheduled__2022-03-16T00:00:00+00:00 [running]> on host 56c17fb3521b
[2022-03-16 19:20:02,637] {taskinstance.py:1426} INFO - Exporting the following env vars:
AIRFLOW_CTX_DAG_OWNER=***
AIRFLOW_CTX_DAG_ID=gcs_ingestion_dag_song_feat
AIRFLOW_CTX_TASK_ID=extract_from_zip_task
AIRFLOW_CTX_EXECUTION_DATE=2022-03-16T00:00:00+00:00
AIRFLOW_CTX_DAG_RUN_ID=scheduled__2022-03-16T00:00:00+00:00
[2022-03-16 19:20:02,638] {subprocess.py:62} INFO - Tmp dir root location: 
 /tmp
[2022-03-16 19:20:02,639] {subprocess.py:74} INFO - Running command: ['bash', '-c', 'unzip /opt/***/musicoset_songfeatures.zip musicoset_songfeatures/acoustic_features.csv']
[2022-03-16 19:20:02,647] {subprocess.py:85} INFO - Output:
[2022-03-16 19:20:02,650] {subprocess.py:89} INFO - Archive:  /opt/***/musicoset_songfeatures.zip
[2022-03-16 19:20:02,665] {subprocess.py:89} INFO -   inflating: musicoset_songfeatures/acoustic_features.csv
[2022-03-16 19:20:02,665] {subprocess.py:93} INFO - Command exited with return code 0
[2022-03-16 19:20:02,681] {taskinstance.py:1277} INFO - Marking task as SUCCESS. dag_id=gcs_ingestion_dag_song_feat, task_id=extract_from_zip_task, execution_date=20220316T000000, start_date=20220316T192002, end_date=20220316T192002
[2022-03-16 19:20:02,706] {local_task_job.py:154} INFO - Task exited with return code 0
[2022-03-16 19:20:02,731] {local_task_job.py:264} INFO - 1 downstream tasks scheduled from follow-on schedule check
