[2022-03-17 19:01:34,579] {taskinstance.py:1032} INFO - Dependencies all met for <TaskInstance: gcs_ingestion_dag_song_feat_v02.format_to_parquet_task manual__2022-03-17T19:01:14.510328+00:00 [queued]>
[2022-03-17 19:01:34,586] {taskinstance.py:1032} INFO - Dependencies all met for <TaskInstance: gcs_ingestion_dag_song_feat_v02.format_to_parquet_task manual__2022-03-17T19:01:14.510328+00:00 [queued]>
[2022-03-17 19:01:34,586] {taskinstance.py:1238} INFO - 
--------------------------------------------------------------------------------
[2022-03-17 19:01:34,586] {taskinstance.py:1239} INFO - Starting attempt 1 of 2
[2022-03-17 19:01:34,586] {taskinstance.py:1240} INFO - 
--------------------------------------------------------------------------------
[2022-03-17 19:01:34,594] {taskinstance.py:1259} INFO - Executing <Task(PythonOperator): format_to_parquet_task> on 2022-03-17 19:01:14.510328+00:00
[2022-03-17 19:01:34,598] {standard_task_runner.py:52} INFO - Started process 1157 to run task
[2022-03-17 19:01:34,600] {standard_task_runner.py:76} INFO - Running: ['***', 'tasks', 'run', 'gcs_ingestion_dag_song_feat_v02', 'format_to_parquet_task', 'manual__2022-03-17T19:01:14.510328+00:00', '--job-id', '151', '--raw', '--subdir', 'DAGS_FOLDER/gcs_ingestion_dag_song_feat_v02.py', '--cfg-path', '/tmp/tmpy_h9usws', '--error-file', '/tmp/tmpzyu2bfw0']
[2022-03-17 19:01:34,601] {standard_task_runner.py:77} INFO - Job 151: Subtask format_to_parquet_task
[2022-03-17 19:01:34,638] {logging_mixin.py:109} INFO - Running <TaskInstance: gcs_ingestion_dag_song_feat_v02.format_to_parquet_task manual__2022-03-17T19:01:14.510328+00:00 [running]> on host 05b31071f52d
[2022-03-17 19:01:34,675] {taskinstance.py:1426} INFO - Exporting the following env vars:
AIRFLOW_CTX_DAG_OWNER=***
AIRFLOW_CTX_DAG_ID=gcs_ingestion_dag_song_feat_v02
AIRFLOW_CTX_TASK_ID=format_to_parquet_task
AIRFLOW_CTX_EXECUTION_DATE=2022-03-17T19:01:14.510328+00:00
AIRFLOW_CTX_DAG_RUN_ID=manual__2022-03-17T19:01:14.510328+00:00
[2022-03-17 19:01:34,776] {python.py:175} INFO - Done. Returned value was: None
[2022-03-17 19:01:34,784] {taskinstance.py:1277} INFO - Marking task as SUCCESS. dag_id=gcs_ingestion_dag_song_feat_v02, task_id=format_to_parquet_task, execution_date=20220317T190114, start_date=20220317T190134, end_date=20220317T190134
[2022-03-17 19:01:34,812] {local_task_job.py:154} INFO - Task exited with return code 0
[2022-03-17 19:01:34,838] {local_task_job.py:264} INFO - 1 downstream tasks scheduled from follow-on schedule check
