[2022-03-15 19:02:23,588] {taskinstance.py:1032} INFO - Dependencies all met for <TaskInstance: gcs_ingestion_dag_v02.download_dataset_task scheduled__2020-01-01T00:00:00+00:00 [queued]>
[2022-03-15 19:02:23,596] {taskinstance.py:1032} INFO - Dependencies all met for <TaskInstance: gcs_ingestion_dag_v02.download_dataset_task scheduled__2020-01-01T00:00:00+00:00 [queued]>
[2022-03-15 19:02:23,596] {taskinstance.py:1238} INFO - 
--------------------------------------------------------------------------------
[2022-03-15 19:02:23,596] {taskinstance.py:1239} INFO - Starting attempt 3 of 4
[2022-03-15 19:02:23,596] {taskinstance.py:1240} INFO - 
--------------------------------------------------------------------------------
[2022-03-15 19:02:23,605] {taskinstance.py:1259} INFO - Executing <Task(BashOperator): download_dataset_task> on 2020-01-01 00:00:00+00:00
[2022-03-15 19:02:23,609] {standard_task_runner.py:52} INFO - Started process 3447 to run task
[2022-03-15 19:02:23,611] {standard_task_runner.py:76} INFO - Running: ['***', 'tasks', 'run', 'gcs_ingestion_dag_v02', 'download_dataset_task', 'scheduled__2020-01-01T00:00:00+00:00', '--job-id', '45', '--raw', '--subdir', 'DAGS_FOLDER/gcs_ingestion_dag_v02.py', '--cfg-path', '/tmp/tmp7ckd6sak', '--error-file', '/tmp/tmp427s2u7v']
[2022-03-15 19:02:23,611] {standard_task_runner.py:77} INFO - Job 45: Subtask download_dataset_task
[2022-03-15 19:02:23,644] {logging_mixin.py:109} INFO - Running <TaskInstance: gcs_ingestion_dag_v02.download_dataset_task scheduled__2020-01-01T00:00:00+00:00 [running]> on host 3570d6d4f2dc
[2022-03-15 19:02:23,677] {taskinstance.py:1426} INFO - Exporting the following env vars:
AIRFLOW_CTX_DAG_OWNER=***
AIRFLOW_CTX_DAG_ID=gcs_ingestion_dag_v02
AIRFLOW_CTX_TASK_ID=download_dataset_task
AIRFLOW_CTX_EXECUTION_DATE=2020-01-01T00:00:00+00:00
AIRFLOW_CTX_DAG_RUN_ID=scheduled__2020-01-01T00:00:00+00:00
[2022-03-15 19:02:23,678] {subprocess.py:62} INFO - Tmp dir root location: 
 /tmp
[2022-03-15 19:02:23,678] {subprocess.py:74} INFO - Running command: ['bash', '-c', 'curl -sSLf https://www.dropbox.com/s/a1kl5e35j4o53mz/bandcamp-items-json.zip > /opt/***/bandcamp-items-json.zip']
[2022-03-15 19:02:23,687] {subprocess.py:85} INFO - Output:
[2022-03-15 19:04:26,684] {subprocess.py:93} INFO - Command exited with return code 0
[2022-03-15 19:04:26,709] {taskinstance.py:1277} INFO - Marking task as SUCCESS. dag_id=gcs_ingestion_dag_v02, task_id=download_dataset_task, execution_date=20200101T000000, start_date=20220315T190223, end_date=20220315T190426
[2022-03-15 19:04:26,746] {local_task_job.py:154} INFO - Task exited with return code 0
[2022-03-15 19:04:26,783] {dagrun.py:628} WARNING - Failed to get task '<TaskInstance: gcs_ingestion_dag_v02.unzip_task scheduled__2020-01-01T00:00:00+00:00 [removed]>' for dag 'gcs_ingestion_dag_v02'. Marking it as removed.
[2022-03-15 19:04:26,798] {local_task_job.py:264} INFO - 1 downstream tasks scheduled from follow-on schedule check
