[2022-03-15 20:08:18,137] {taskinstance.py:1032} INFO - Dependencies all met for <TaskInstance: gcs_ingestion_dag_v02.download_dataset_task scheduled__2020-01-01T00:00:00+00:00 [queued]>
[2022-03-15 20:08:18,144] {taskinstance.py:1032} INFO - Dependencies all met for <TaskInstance: gcs_ingestion_dag_v02.download_dataset_task scheduled__2020-01-01T00:00:00+00:00 [queued]>
[2022-03-15 20:08:18,144] {taskinstance.py:1238} INFO - 
--------------------------------------------------------------------------------
[2022-03-15 20:08:18,144] {taskinstance.py:1239} INFO - Starting attempt 4 of 5
[2022-03-15 20:08:18,144] {taskinstance.py:1240} INFO - 
--------------------------------------------------------------------------------
[2022-03-15 20:08:18,152] {taskinstance.py:1259} INFO - Executing <Task(BashOperator): download_dataset_task> on 2020-01-01 00:00:00+00:00
[2022-03-15 20:08:18,156] {standard_task_runner.py:52} INFO - Started process 4123 to run task
[2022-03-15 20:08:18,158] {standard_task_runner.py:76} INFO - Running: ['***', 'tasks', 'run', 'gcs_ingestion_dag_v02', 'download_dataset_task', 'scheduled__2020-01-01T00:00:00+00:00', '--job-id', '49', '--raw', '--subdir', 'DAGS_FOLDER/gcs_ingestion_dag_v02.py', '--cfg-path', '/tmp/tmpps_pobzt', '--error-file', '/tmp/tmpcf4pjvj6']
[2022-03-15 20:08:18,159] {standard_task_runner.py:77} INFO - Job 49: Subtask download_dataset_task
[2022-03-15 20:08:18,192] {logging_mixin.py:109} INFO - Running <TaskInstance: gcs_ingestion_dag_v02.download_dataset_task scheduled__2020-01-01T00:00:00+00:00 [running]> on host 3570d6d4f2dc
[2022-03-15 20:08:18,222] {taskinstance.py:1426} INFO - Exporting the following env vars:
AIRFLOW_CTX_DAG_OWNER=***
AIRFLOW_CTX_DAG_ID=gcs_ingestion_dag_v02
AIRFLOW_CTX_TASK_ID=download_dataset_task
AIRFLOW_CTX_EXECUTION_DATE=2020-01-01T00:00:00+00:00
AIRFLOW_CTX_DAG_RUN_ID=scheduled__2020-01-01T00:00:00+00:00
[2022-03-15 20:08:18,223] {subprocess.py:62} INFO - Tmp dir root location: 
 /tmp
[2022-03-15 20:08:18,223] {subprocess.py:74} INFO - Running command: ['bash', '-c', 'curl -sSLf https://www.dropbox.com/s/a1kl5e35j4o53mz/bandcamp-items-json.zip > /opt/***/bandcamp-items-json.zip']
[2022-03-15 20:08:18,232] {subprocess.py:85} INFO - Output:
[2022-03-15 20:09:08,596] {subprocess.py:93} INFO - Command exited with return code 0
[2022-03-15 20:09:08,653] {taskinstance.py:1277} INFO - Marking task as SUCCESS. dag_id=gcs_ingestion_dag_v02, task_id=download_dataset_task, execution_date=20200101T000000, start_date=20220315T200818, end_date=20220315T200908
[2022-03-15 20:09:08,725] {local_task_job.py:154} INFO - Task exited with return code 0
[2022-03-15 20:09:08,743] {dagrun.py:628} WARNING - Failed to get task '<TaskInstance: gcs_ingestion_dag_v02.unzip_task scheduled__2020-01-01T00:00:00+00:00 [removed]>' for dag 'gcs_ingestion_dag_v02'. Marking it as removed.
[2022-03-15 20:09:08,750] {local_task_job.py:264} INFO - 1 downstream tasks scheduled from follow-on schedule check
