[2022-03-16 17:30:45,083] {taskinstance.py:1032} INFO - Dependencies all met for <TaskInstance: gcs_ingestion_dag_v04_pt1.extract_from_zip_task manual__2022-03-16T17:29:04.059277+00:00 [queued]>
[2022-03-16 17:30:45,090] {taskinstance.py:1032} INFO - Dependencies all met for <TaskInstance: gcs_ingestion_dag_v04_pt1.extract_from_zip_task manual__2022-03-16T17:29:04.059277+00:00 [queued]>
[2022-03-16 17:30:45,090] {taskinstance.py:1238} INFO - 
--------------------------------------------------------------------------------
[2022-03-16 17:30:45,090] {taskinstance.py:1239} INFO - Starting attempt 1 of 2
[2022-03-16 17:30:45,090] {taskinstance.py:1240} INFO - 
--------------------------------------------------------------------------------
[2022-03-16 17:30:45,099] {taskinstance.py:1259} INFO - Executing <Task(BashOperator): extract_from_zip_task> on 2022-03-16 17:29:04.059277+00:00
[2022-03-16 17:30:45,102] {standard_task_runner.py:52} INFO - Started process 1147 to run task
[2022-03-16 17:30:45,104] {standard_task_runner.py:76} INFO - Running: ['***', 'tasks', 'run', 'gcs_ingestion_dag_v04_pt1', 'extract_from_zip_task', 'manual__2022-03-16T17:29:04.059277+00:00', '--job-id', '83', '--raw', '--subdir', 'DAGS_FOLDER/gcs_ingestion_dag_v04_pt1.py', '--cfg-path', '/tmp/tmp_93g3mwa', '--error-file', '/tmp/tmpqdg5vw5i']
[2022-03-16 17:30:45,104] {standard_task_runner.py:77} INFO - Job 83: Subtask extract_from_zip_task
[2022-03-16 17:30:45,142] {logging_mixin.py:109} INFO - Running <TaskInstance: gcs_ingestion_dag_v04_pt1.extract_from_zip_task manual__2022-03-16T17:29:04.059277+00:00 [running]> on host 56c17fb3521b
[2022-03-16 17:30:45,179] {taskinstance.py:1426} INFO - Exporting the following env vars:
AIRFLOW_CTX_DAG_OWNER=***
AIRFLOW_CTX_DAG_ID=gcs_ingestion_dag_v04_pt1
AIRFLOW_CTX_TASK_ID=extract_from_zip_task
AIRFLOW_CTX_EXECUTION_DATE=2022-03-16T17:29:04.059277+00:00
AIRFLOW_CTX_DAG_RUN_ID=manual__2022-03-16T17:29:04.059277+00:00
[2022-03-16 17:30:45,179] {subprocess.py:62} INFO - Tmp dir root location: 
 /tmp
[2022-03-16 17:30:45,180] {subprocess.py:74} INFO - Running command: ['bash', '-c', 'unzip /opt/***/bandcamp-items-json.zip']
[2022-03-16 17:30:45,186] {subprocess.py:85} INFO - Output:
[2022-03-16 17:30:45,189] {subprocess.py:89} INFO - Archive:  /opt/***/bandcamp-items-json.zip
[2022-03-16 17:30:45,189] {subprocess.py:89} INFO -    creating: albums-json/
[2022-03-16 17:30:47,868] {subprocess.py:89} INFO -   inflating: albums-json/albums-full-info-1.json
[2022-03-16 17:30:50,061] {subprocess.py:89} INFO -   inflating: albums-json/albums-full-info-2.json
[2022-03-16 17:30:52,204] {subprocess.py:89} INFO -   inflating: albums-json/albums-full-info-3.json
[2022-03-16 17:30:54,257] {subprocess.py:89} INFO -   inflating: albums-json/albums-full-info-4.json
[2022-03-16 17:30:56,294] {subprocess.py:89} INFO -   inflating: albums-json/albums-full-info-5.json
[2022-03-16 17:30:58,359] {subprocess.py:89} INFO -   inflating: albums-json/albums-full-info-6.json
[2022-03-16 17:31:00,324] {subprocess.py:89} INFO -   inflating: albums-json/albums-full-info-7.json
[2022-03-16 17:31:02,092] {subprocess.py:89} INFO -   inflating: albums-json/albums-full-info-8.json
[2022-03-16 17:31:03,980] {subprocess.py:89} INFO -   inflating: albums-json/albums-full-info-9.json
[2022-03-16 17:31:05,809] {subprocess.py:89} INFO -   inflating: albums-json/albums-full-info-10.json
[2022-03-16 17:31:07,076] {subprocess.py:89} INFO -   inflating: albums-json/albums-full-info-11.json
[2022-03-16 17:31:07,076] {subprocess.py:93} INFO - Command exited with return code 0
[2022-03-16 17:31:07,522] {taskinstance.py:1277} INFO - Marking task as SUCCESS. dag_id=gcs_ingestion_dag_v04_pt1, task_id=extract_from_zip_task, execution_date=20220316T172904, start_date=20220316T173045, end_date=20220316T173107
[2022-03-16 17:31:07,538] {local_task_job.py:154} INFO - Task exited with return code 0
[2022-03-16 17:31:07,556] {local_task_job.py:264} INFO - 0 downstream tasks scheduled from follow-on schedule check
