[2022-03-15 21:03:54,790] {taskinstance.py:1032} INFO - Dependencies all met for <TaskInstance: gcs_ingestion_dag_v02.extract_from_zip_task scheduled__2020-01-01T00:00:00+00:00 [queued]>
[2022-03-15 21:03:54,797] {taskinstance.py:1032} INFO - Dependencies all met for <TaskInstance: gcs_ingestion_dag_v02.extract_from_zip_task scheduled__2020-01-01T00:00:00+00:00 [queued]>
[2022-03-15 21:03:54,797] {taskinstance.py:1238} INFO - 
--------------------------------------------------------------------------------
[2022-03-15 21:03:54,797] {taskinstance.py:1239} INFO - Starting attempt 10 of 11
[2022-03-15 21:03:54,797] {taskinstance.py:1240} INFO - 
--------------------------------------------------------------------------------
[2022-03-15 21:03:54,804] {taskinstance.py:1259} INFO - Executing <Task(BashOperator): extract_from_zip_task> on 2020-01-01 00:00:00+00:00
[2022-03-15 21:03:54,809] {standard_task_runner.py:52} INFO - Started process 6831 to run task
[2022-03-15 21:03:54,811] {standard_task_runner.py:76} INFO - Running: ['***', 'tasks', 'run', 'gcs_ingestion_dag_v02', 'extract_from_zip_task', 'scheduled__2020-01-01T00:00:00+00:00', '--job-id', '69', '--raw', '--subdir', 'DAGS_FOLDER/gcs_ingestion_dag_v02.py', '--cfg-path', '/tmp/tmp20z05_6q', '--error-file', '/tmp/tmpmo2ustxd']
[2022-03-15 21:03:54,812] {standard_task_runner.py:77} INFO - Job 69: Subtask extract_from_zip_task
[2022-03-15 21:03:54,844] {logging_mixin.py:109} INFO - Running <TaskInstance: gcs_ingestion_dag_v02.extract_from_zip_task scheduled__2020-01-01T00:00:00+00:00 [running]> on host 3570d6d4f2dc
[2022-03-15 21:03:54,866] {warnings.py:110} WARNING - /home/***/.local/lib/python3.7/site-packages/***/utils/context.py:152: AirflowContextDeprecationWarning: Accessing 'execution_date' from the template is deprecated and will be removed in a future version. Please use 'data_interval_start' or 'logical_date' instead.
  warnings.warn(_create_deprecation_warning(key, self._deprecation_replacements[key]))

[2022-03-15 21:03:54,879] {taskinstance.py:1426} INFO - Exporting the following env vars:
AIRFLOW_CTX_DAG_OWNER=***
AIRFLOW_CTX_DAG_ID=gcs_ingestion_dag_v02
AIRFLOW_CTX_TASK_ID=extract_from_zip_task
AIRFLOW_CTX_EXECUTION_DATE=2020-01-01T00:00:00+00:00
AIRFLOW_CTX_DAG_RUN_ID=scheduled__2020-01-01T00:00:00+00:00
[2022-03-15 21:03:54,880] {subprocess.py:62} INFO - Tmp dir root location: 
 /tmp
[2022-03-15 21:03:54,880] {subprocess.py:74} INFO - Running command: ['bash', '-c', 'unzip /opt/***/bandcamp-items-json.zip albums-json/albums-full-info-1.json >albums-full-info-1.json']
[2022-03-15 21:03:54,889] {subprocess.py:85} INFO - Output:
[2022-03-15 21:03:57,599] {subprocess.py:93} INFO - Command exited with return code 0
[2022-03-15 21:03:57,668] {taskinstance.py:1277} INFO - Marking task as SUCCESS. dag_id=gcs_ingestion_dag_v02, task_id=extract_from_zip_task, execution_date=20200101T000000, start_date=20220315T210354, end_date=20220315T210357
[2022-03-15 21:03:57,709] {local_task_job.py:154} INFO - Task exited with return code 0
[2022-03-15 21:03:57,738] {local_task_job.py:264} INFO - 1 downstream tasks scheduled from follow-on schedule check
