[2022-03-17 19:26:27,194] {taskinstance.py:1032} INFO - Dependencies all met for <TaskInstance: gcs_ingestion_dag_song_feat_v02.bigquery_external_table_task manual__2022-03-17T19:26:06.106360+00:00 [queued]>
[2022-03-17 19:26:27,201] {taskinstance.py:1032} INFO - Dependencies all met for <TaskInstance: gcs_ingestion_dag_song_feat_v02.bigquery_external_table_task manual__2022-03-17T19:26:06.106360+00:00 [queued]>
[2022-03-17 19:26:27,201] {taskinstance.py:1238} INFO - 
--------------------------------------------------------------------------------
[2022-03-17 19:26:27,201] {taskinstance.py:1239} INFO - Starting attempt 1 of 2
[2022-03-17 19:26:27,201] {taskinstance.py:1240} INFO - 
--------------------------------------------------------------------------------
[2022-03-17 19:26:27,208] {taskinstance.py:1259} INFO - Executing <Task(BigQueryCreateExternalTableOperator): bigquery_external_table_task> on 2022-03-17 19:26:06.106360+00:00
[2022-03-17 19:26:27,213] {standard_task_runner.py:52} INFO - Started process 2386 to run task
[2022-03-17 19:26:27,215] {standard_task_runner.py:76} INFO - Running: ['***', 'tasks', 'run', 'gcs_ingestion_dag_song_feat_v02', 'bigquery_external_table_task', 'manual__2022-03-17T19:26:06.106360+00:00', '--job-id', '159', '--raw', '--subdir', 'DAGS_FOLDER/gcs_ingestion_dag_song_feat_v02.py', '--cfg-path', '/tmp/tmp67tbjebc', '--error-file', '/tmp/tmpwt988a1z']
[2022-03-17 19:26:27,216] {standard_task_runner.py:77} INFO - Job 159: Subtask bigquery_external_table_task
[2022-03-17 19:26:27,250] {logging_mixin.py:109} INFO - Running <TaskInstance: gcs_ingestion_dag_song_feat_v02.bigquery_external_table_task manual__2022-03-17T19:26:06.106360+00:00 [running]> on host 05b31071f52d
[2022-03-17 19:26:27,286] {taskinstance.py:1426} INFO - Exporting the following env vars:
AIRFLOW_CTX_DAG_OWNER=***
AIRFLOW_CTX_DAG_ID=gcs_ingestion_dag_song_feat_v02
AIRFLOW_CTX_TASK_ID=bigquery_external_table_task
AIRFLOW_CTX_EXECUTION_DATE=2022-03-17T19:26:06.106360+00:00
AIRFLOW_CTX_DAG_RUN_ID=manual__2022-03-17T19:26:06.106360+00:00
[2022-03-17 19:26:27,287] {crypto.py:82} WARNING - empty cryptography key - values will not be stored encrypted.
[2022-03-17 19:26:28,450] {taskinstance.py:1277} INFO - Marking task as SUCCESS. dag_id=gcs_ingestion_dag_song_feat_v02, task_id=bigquery_external_table_task, execution_date=20220317T192606, start_date=20220317T192627, end_date=20220317T192628
[2022-03-17 19:26:28,469] {local_task_job.py:154} INFO - Task exited with return code 0
[2022-03-17 19:26:28,490] {local_task_job.py:264} INFO - 0 downstream tasks scheduled from follow-on schedule check
