[2022-03-17 18:41:33,734] {taskinstance.py:1032} INFO - Dependencies all met for <TaskInstance: gcs_ingestion_dag_song_feat_v02.format_to_parquet_task manual__2022-03-16T20:30:22.172494+00:00 [queued]>
[2022-03-17 18:41:33,741] {taskinstance.py:1032} INFO - Dependencies all met for <TaskInstance: gcs_ingestion_dag_song_feat_v02.format_to_parquet_task manual__2022-03-16T20:30:22.172494+00:00 [queued]>
[2022-03-17 18:41:33,741] {taskinstance.py:1238} INFO - 
--------------------------------------------------------------------------------
[2022-03-17 18:41:33,741] {taskinstance.py:1239} INFO - Starting attempt 1 of 2
[2022-03-17 18:41:33,741] {taskinstance.py:1240} INFO - 
--------------------------------------------------------------------------------
[2022-03-17 18:41:33,748] {taskinstance.py:1259} INFO - Executing <Task(PythonOperator): format_to_parquet_task> on 2022-03-16 20:30:22.172494+00:00
[2022-03-17 18:41:33,753] {standard_task_runner.py:52} INFO - Started process 129 to run task
[2022-03-17 18:41:33,755] {standard_task_runner.py:76} INFO - Running: ['***', 'tasks', 'run', 'gcs_ingestion_dag_song_feat_v02', 'format_to_parquet_task', 'manual__2022-03-16T20:30:22.172494+00:00', '--job-id', '134', '--raw', '--subdir', 'DAGS_FOLDER/gcs_ingestion_dag_song_feat_v02.py', '--cfg-path', '/tmp/tmpd3pa6wrt', '--error-file', '/tmp/tmpx7m6g9wb']
[2022-03-17 18:41:33,756] {standard_task_runner.py:77} INFO - Job 134: Subtask format_to_parquet_task
[2022-03-17 18:41:33,789] {logging_mixin.py:109} INFO - Running <TaskInstance: gcs_ingestion_dag_song_feat_v02.format_to_parquet_task manual__2022-03-16T20:30:22.172494+00:00 [running]> on host 05b31071f52d
[2022-03-17 18:41:33,822] {taskinstance.py:1426} INFO - Exporting the following env vars:
AIRFLOW_CTX_DAG_OWNER=***
AIRFLOW_CTX_DAG_ID=gcs_ingestion_dag_song_feat_v02
AIRFLOW_CTX_TASK_ID=format_to_parquet_task
AIRFLOW_CTX_EXECUTION_DATE=2022-03-16T20:30:22.172494+00:00
AIRFLOW_CTX_DAG_RUN_ID=manual__2022-03-16T20:30:22.172494+00:00
[2022-03-17 18:41:33,920] {python.py:175} INFO - Done. Returned value was: None
[2022-03-17 18:41:33,928] {taskinstance.py:1277} INFO - Marking task as SUCCESS. dag_id=gcs_ingestion_dag_song_feat_v02, task_id=format_to_parquet_task, execution_date=20220316T203022, start_date=20220317T184133, end_date=20220317T184133
[2022-03-17 18:41:33,967] {local_task_job.py:154} INFO - Task exited with return code 0
[2022-03-17 18:41:33,993] {local_task_job.py:264} INFO - 1 downstream tasks scheduled from follow-on schedule check
