[2022-03-17 18:45:58,937] {taskinstance.py:1032} INFO - Dependencies all met for <TaskInstance: gcs_ingestion_dag_song_pop.local_to_gcs_task manual__2022-03-17T18:45:49.780770+00:00 [queued]>
[2022-03-17 18:45:58,945] {taskinstance.py:1032} INFO - Dependencies all met for <TaskInstance: gcs_ingestion_dag_song_pop.local_to_gcs_task manual__2022-03-17T18:45:49.780770+00:00 [queued]>
[2022-03-17 18:45:58,945] {taskinstance.py:1238} INFO - 
--------------------------------------------------------------------------------
[2022-03-17 18:45:58,945] {taskinstance.py:1239} INFO - Starting attempt 1 of 2
[2022-03-17 18:45:58,945] {taskinstance.py:1240} INFO - 
--------------------------------------------------------------------------------
[2022-03-17 18:45:58,952] {taskinstance.py:1259} INFO - Executing <Task(PythonOperator): local_to_gcs_task> on 2022-03-17 18:45:49.780770+00:00
[2022-03-17 18:45:58,957] {standard_task_runner.py:52} INFO - Started process 421 to run task
[2022-03-17 18:45:58,959] {standard_task_runner.py:76} INFO - Running: ['***', 'tasks', 'run', 'gcs_ingestion_dag_song_pop', 'local_to_gcs_task', 'manual__2022-03-17T18:45:49.780770+00:00', '--job-id', '148', '--raw', '--subdir', 'DAGS_FOLDER/gcs_ingestion_dag_song_pop.py', '--cfg-path', '/tmp/tmpqwokvi5f', '--error-file', '/tmp/tmpk4aiochv']
[2022-03-17 18:45:58,959] {standard_task_runner.py:77} INFO - Job 148: Subtask local_to_gcs_task
[2022-03-17 18:45:58,994] {logging_mixin.py:109} INFO - Running <TaskInstance: gcs_ingestion_dag_song_pop.local_to_gcs_task manual__2022-03-17T18:45:49.780770+00:00 [running]> on host 05b31071f52d
[2022-03-17 18:45:59,028] {taskinstance.py:1426} INFO - Exporting the following env vars:
AIRFLOW_CTX_DAG_OWNER=***
AIRFLOW_CTX_DAG_ID=gcs_ingestion_dag_song_pop
AIRFLOW_CTX_TASK_ID=local_to_gcs_task
AIRFLOW_CTX_EXECUTION_DATE=2022-03-17T18:45:49.780770+00:00
AIRFLOW_CTX_DAG_RUN_ID=manual__2022-03-17T18:45:49.780770+00:00
[2022-03-17 18:46:03,985] {python.py:175} INFO - Done. Returned value was: None
[2022-03-17 18:46:03,992] {taskinstance.py:1277} INFO - Marking task as SUCCESS. dag_id=gcs_ingestion_dag_song_pop, task_id=local_to_gcs_task, execution_date=20220317T184549, start_date=20220317T184558, end_date=20220317T184603
[2022-03-17 18:46:04,015] {local_task_job.py:154} INFO - Task exited with return code 0
[2022-03-17 18:46:04,033] {local_task_job.py:264} INFO - 0 downstream tasks scheduled from follow-on schedule check
