[2022-03-16 20:30:41,443] {taskinstance.py:1032} INFO - Dependencies all met for <TaskInstance: gcs_ingestion_dag_song_feat_v02.local_to_gcs_task scheduled__2022-03-16T00:00:00+00:00 [queued]>
[2022-03-16 20:30:41,451] {taskinstance.py:1032} INFO - Dependencies all met for <TaskInstance: gcs_ingestion_dag_song_feat_v02.local_to_gcs_task scheduled__2022-03-16T00:00:00+00:00 [queued]>
[2022-03-16 20:30:41,451] {taskinstance.py:1238} INFO - 
--------------------------------------------------------------------------------
[2022-03-16 20:30:41,451] {taskinstance.py:1239} INFO - Starting attempt 2 of 3
[2022-03-16 20:30:41,451] {taskinstance.py:1240} INFO - 
--------------------------------------------------------------------------------
[2022-03-16 20:30:41,459] {taskinstance.py:1259} INFO - Executing <Task(PythonOperator): local_to_gcs_task> on 2022-03-16 00:00:00+00:00
[2022-03-16 20:30:41,463] {standard_task_runner.py:52} INFO - Started process 9745 to run task
[2022-03-16 20:30:41,466] {standard_task_runner.py:76} INFO - Running: ['***', 'tasks', 'run', 'gcs_ingestion_dag_song_feat_v02', 'local_to_gcs_task', 'scheduled__2022-03-16T00:00:00+00:00', '--job-id', '117', '--raw', '--subdir', 'DAGS_FOLDER/gcs_ingestion_dag_song_feat_v02.py', '--cfg-path', '/tmp/tmpuxg9g7ug', '--error-file', '/tmp/tmp4mlg_goj']
[2022-03-16 20:30:41,466] {standard_task_runner.py:77} INFO - Job 117: Subtask local_to_gcs_task
[2022-03-16 20:30:41,497] {logging_mixin.py:109} INFO - Running <TaskInstance: gcs_ingestion_dag_song_feat_v02.local_to_gcs_task scheduled__2022-03-16T00:00:00+00:00 [running]> on host 56c17fb3521b
[2022-03-16 20:30:41,530] {taskinstance.py:1426} INFO - Exporting the following env vars:
AIRFLOW_CTX_DAG_OWNER=***
AIRFLOW_CTX_DAG_ID=gcs_ingestion_dag_song_feat_v02
AIRFLOW_CTX_TASK_ID=local_to_gcs_task
AIRFLOW_CTX_EXECUTION_DATE=2022-03-16T00:00:00+00:00
AIRFLOW_CTX_DAG_RUN_ID=scheduled__2022-03-16T00:00:00+00:00
[2022-03-16 20:30:44,566] {python.py:175} INFO - Done. Returned value was: None
[2022-03-16 20:30:44,583] {taskinstance.py:1277} INFO - Marking task as SUCCESS. dag_id=gcs_ingestion_dag_song_feat_v02, task_id=local_to_gcs_task, execution_date=20220316T000000, start_date=20220316T203041, end_date=20220316T203044
[2022-03-16 20:30:44,605] {local_task_job.py:154} INFO - Task exited with return code 0
[2022-03-16 20:30:44,631] {local_task_job.py:264} INFO - 0 downstream tasks scheduled from follow-on schedule check
