[2022-03-17 19:01:16,070] {taskinstance.py:1032} INFO - Dependencies all met for <TaskInstance: gcs_ingestion_dag_song_feat_v02.download_dataset_task manual__2022-03-17T19:01:14.510328+00:00 [queued]>
[2022-03-17 19:01:16,076] {taskinstance.py:1032} INFO - Dependencies all met for <TaskInstance: gcs_ingestion_dag_song_feat_v02.download_dataset_task manual__2022-03-17T19:01:14.510328+00:00 [queued]>
[2022-03-17 19:01:16,076] {taskinstance.py:1238} INFO - 
--------------------------------------------------------------------------------
[2022-03-17 19:01:16,077] {taskinstance.py:1239} INFO - Starting attempt 1 of 2
[2022-03-17 19:01:16,077] {taskinstance.py:1240} INFO - 
--------------------------------------------------------------------------------
[2022-03-17 19:01:16,083] {taskinstance.py:1259} INFO - Executing <Task(BashOperator): download_dataset_task> on 2022-03-17 19:01:14.510328+00:00
[2022-03-17 19:01:16,087] {standard_task_runner.py:52} INFO - Started process 1129 to run task
[2022-03-17 19:01:16,089] {standard_task_runner.py:76} INFO - Running: ['***', 'tasks', 'run', 'gcs_ingestion_dag_song_feat_v02', 'download_dataset_task', 'manual__2022-03-17T19:01:14.510328+00:00', '--job-id', '149', '--raw', '--subdir', 'DAGS_FOLDER/gcs_ingestion_dag_song_feat_v02.py', '--cfg-path', '/tmp/tmpr8odorjm', '--error-file', '/tmp/tmp_m0zm2j_']
[2022-03-17 19:01:16,089] {standard_task_runner.py:77} INFO - Job 149: Subtask download_dataset_task
[2022-03-17 19:01:16,124] {logging_mixin.py:109} INFO - Running <TaskInstance: gcs_ingestion_dag_song_feat_v02.download_dataset_task manual__2022-03-17T19:01:14.510328+00:00 [running]> on host 05b31071f52d
[2022-03-17 19:01:16,158] {taskinstance.py:1426} INFO - Exporting the following env vars:
AIRFLOW_CTX_DAG_OWNER=***
AIRFLOW_CTX_DAG_ID=gcs_ingestion_dag_song_feat_v02
AIRFLOW_CTX_TASK_ID=download_dataset_task
AIRFLOW_CTX_EXECUTION_DATE=2022-03-17T19:01:14.510328+00:00
AIRFLOW_CTX_DAG_RUN_ID=manual__2022-03-17T19:01:14.510328+00:00
[2022-03-17 19:01:16,159] {subprocess.py:62} INFO - Tmp dir root location: 
 /tmp
[2022-03-17 19:01:16,159] {subprocess.py:74} INFO - Running command: ['bash', '-c', 'curl -sSLf https://zenodo.org/record/4904639/files/musicoset_songfeatures.zip > /opt/***/musicoset_songfeatures.zip']
[2022-03-17 19:01:16,167] {subprocess.py:85} INFO - Output:
[2022-03-17 19:01:31,941] {subprocess.py:93} INFO - Command exited with return code 0
[2022-03-17 19:01:31,960] {taskinstance.py:1277} INFO - Marking task as SUCCESS. dag_id=gcs_ingestion_dag_song_feat_v02, task_id=download_dataset_task, execution_date=20220317T190114, start_date=20220317T190116, end_date=20220317T190131
[2022-03-17 19:01:31,974] {local_task_job.py:154} INFO - Task exited with return code 0
[2022-03-17 19:01:31,999] {local_task_job.py:264} INFO - 1 downstream tasks scheduled from follow-on schedule check
