[2022-03-16 17:29:41,928] {taskinstance.py:1032} INFO - Dependencies all met for <TaskInstance: gcs_ingestion_dag_v04_pt1.extract_from_zip_task scheduled__2022-03-16T00:00:00+00:00 [queued]>
[2022-03-16 17:29:41,937] {taskinstance.py:1032} INFO - Dependencies all met for <TaskInstance: gcs_ingestion_dag_v04_pt1.extract_from_zip_task scheduled__2022-03-16T00:00:00+00:00 [queued]>
[2022-03-16 17:29:41,937] {taskinstance.py:1238} INFO - 
--------------------------------------------------------------------------------
[2022-03-16 17:29:41,937] {taskinstance.py:1239} INFO - Starting attempt 1 of 2
[2022-03-16 17:29:41,937] {taskinstance.py:1240} INFO - 
--------------------------------------------------------------------------------
[2022-03-16 17:29:41,946] {taskinstance.py:1259} INFO - Executing <Task(BashOperator): extract_from_zip_task> on 2022-03-16 00:00:00+00:00
[2022-03-16 17:29:41,950] {standard_task_runner.py:52} INFO - Started process 1090 to run task
[2022-03-16 17:29:41,952] {standard_task_runner.py:76} INFO - Running: ['***', 'tasks', 'run', 'gcs_ingestion_dag_v04_pt1', 'extract_from_zip_task', 'scheduled__2022-03-16T00:00:00+00:00', '--job-id', '81', '--raw', '--subdir', 'DAGS_FOLDER/gcs_ingestion_dag_v04_pt1.py', '--cfg-path', '/tmp/tmpb_0ab2x2', '--error-file', '/tmp/tmpoxpi4mfd']
[2022-03-16 17:29:41,952] {standard_task_runner.py:77} INFO - Job 81: Subtask extract_from_zip_task
[2022-03-16 17:29:41,986] {logging_mixin.py:109} INFO - Running <TaskInstance: gcs_ingestion_dag_v04_pt1.extract_from_zip_task scheduled__2022-03-16T00:00:00+00:00 [running]> on host 56c17fb3521b
[2022-03-16 17:29:42,021] {taskinstance.py:1426} INFO - Exporting the following env vars:
AIRFLOW_CTX_DAG_OWNER=***
AIRFLOW_CTX_DAG_ID=gcs_ingestion_dag_v04_pt1
AIRFLOW_CTX_TASK_ID=extract_from_zip_task
AIRFLOW_CTX_EXECUTION_DATE=2022-03-16T00:00:00+00:00
AIRFLOW_CTX_DAG_RUN_ID=scheduled__2022-03-16T00:00:00+00:00
[2022-03-16 17:29:42,021] {subprocess.py:62} INFO - Tmp dir root location: 
 /tmp
[2022-03-16 17:29:42,022] {subprocess.py:74} INFO - Running command: ['bash', '-c', 'unzip /opt/***/bandcamp-items-json.zip']
[2022-03-16 17:29:42,028] {subprocess.py:85} INFO - Output:
[2022-03-16 17:29:42,031] {subprocess.py:89} INFO - Archive:  /opt/***/bandcamp-items-json.zip
[2022-03-16 17:29:42,031] {subprocess.py:89} INFO -    creating: albums-json/
[2022-03-16 17:29:44,849] {subprocess.py:89} INFO -   inflating: albums-json/albums-full-info-1.json
[2022-03-16 17:29:47,160] {subprocess.py:89} INFO -   inflating: albums-json/albums-full-info-2.json
[2022-03-16 17:29:49,521] {subprocess.py:89} INFO -   inflating: albums-json/albums-full-info-3.json
[2022-03-16 17:29:51,571] {subprocess.py:89} INFO -   inflating: albums-json/albums-full-info-4.json
[2022-03-16 17:29:53,612] {subprocess.py:89} INFO -   inflating: albums-json/albums-full-info-5.json
[2022-03-16 17:29:55,564] {subprocess.py:89} INFO -   inflating: albums-json/albums-full-info-6.json
[2022-03-16 17:29:57,404] {subprocess.py:89} INFO -   inflating: albums-json/albums-full-info-7.json
[2022-03-16 17:29:59,329] {subprocess.py:89} INFO -   inflating: albums-json/albums-full-info-8.json
[2022-03-16 17:30:01,281] {subprocess.py:89} INFO -   inflating: albums-json/albums-full-info-9.json
[2022-03-16 17:30:03,149] {subprocess.py:89} INFO -   inflating: albums-json/albums-full-info-10.json
[2022-03-16 17:30:04,408] {subprocess.py:89} INFO -   inflating: albums-json/albums-full-info-11.json
[2022-03-16 17:30:04,409] {subprocess.py:93} INFO - Command exited with return code 0
[2022-03-16 17:30:04,846] {taskinstance.py:1277} INFO - Marking task as SUCCESS. dag_id=gcs_ingestion_dag_v04_pt1, task_id=extract_from_zip_task, execution_date=20220316T000000, start_date=20220316T172941, end_date=20220316T173004
[2022-03-16 17:30:04,887] {local_task_job.py:154} INFO - Task exited with return code 0
[2022-03-16 17:30:04,906] {local_task_job.py:264} INFO - 0 downstream tasks scheduled from follow-on schedule check
