[2022-03-15 18:31:32,614] {taskinstance.py:1032} INFO - Dependencies all met for <TaskInstance: gcs_ingestion_dag_v02.download_dataset_task scheduled__2020-09-01T00:00:00+00:00 [queued]>
[2022-03-15 18:31:32,620] {taskinstance.py:1032} INFO - Dependencies all met for <TaskInstance: gcs_ingestion_dag_v02.download_dataset_task scheduled__2020-09-01T00:00:00+00:00 [queued]>
[2022-03-15 18:31:32,621] {taskinstance.py:1238} INFO - 
--------------------------------------------------------------------------------
[2022-03-15 18:31:32,621] {taskinstance.py:1239} INFO - Starting attempt 1 of 2
[2022-03-15 18:31:32,621] {taskinstance.py:1240} INFO - 
--------------------------------------------------------------------------------
[2022-03-15 18:31:32,628] {taskinstance.py:1259} INFO - Executing <Task(BashOperator): download_dataset_task> on 2020-09-01 00:00:00+00:00
[2022-03-15 18:31:32,633] {standard_task_runner.py:52} INFO - Started process 1970 to run task
[2022-03-15 18:31:32,635] {standard_task_runner.py:76} INFO - Running: ['***', 'tasks', 'run', 'gcs_ingestion_dag_v02', 'download_dataset_task', 'scheduled__2020-09-01T00:00:00+00:00', '--job-id', '37', '--raw', '--subdir', 'DAGS_FOLDER/gcs_ingestion_dag_v02.py', '--cfg-path', '/tmp/tmpfcx5jgs_', '--error-file', '/tmp/tmpjx2jk3pc']
[2022-03-15 18:31:32,635] {standard_task_runner.py:77} INFO - Job 37: Subtask download_dataset_task
[2022-03-15 18:31:32,667] {logging_mixin.py:109} INFO - Running <TaskInstance: gcs_ingestion_dag_v02.download_dataset_task scheduled__2020-09-01T00:00:00+00:00 [running]> on host 3570d6d4f2dc
[2022-03-15 18:31:32,698] {taskinstance.py:1426} INFO - Exporting the following env vars:
AIRFLOW_CTX_DAG_OWNER=***
AIRFLOW_CTX_DAG_ID=gcs_ingestion_dag_v02
AIRFLOW_CTX_TASK_ID=download_dataset_task
AIRFLOW_CTX_EXECUTION_DATE=2020-09-01T00:00:00+00:00
AIRFLOW_CTX_DAG_RUN_ID=scheduled__2020-09-01T00:00:00+00:00
[2022-03-15 18:31:32,698] {subprocess.py:62} INFO - Tmp dir root location: 
 /tmp
[2022-03-15 18:31:32,699] {subprocess.py:74} INFO - Running command: ['bash', '-c', 'curl -sSLf https://www.dropbox.com/s/a1kl5e35j4o53mz/bandcamp-items-json.zip > /opt/***/bandcamp-items-json.zip']
[2022-03-15 18:31:32,708] {subprocess.py:85} INFO - Output:
[2022-03-15 18:33:22,323] {subprocess.py:93} INFO - Command exited with return code 0
[2022-03-15 18:33:22,368] {taskinstance.py:1277} INFO - Marking task as SUCCESS. dag_id=gcs_ingestion_dag_v02, task_id=download_dataset_task, execution_date=20200901T000000, start_date=20220315T183132, end_date=20220315T183322
[2022-03-15 18:33:22,392] {local_task_job.py:154} INFO - Task exited with return code 0
[2022-03-15 18:33:22,414] {local_task_job.py:264} INFO - 1 downstream tasks scheduled from follow-on schedule check
