[2022-03-17 19:26:21,254] {taskinstance.py:1032} INFO - Dependencies all met for <TaskInstance: gcs_ingestion_dag_song_feat_v02.extract_from_zip_task manual__2022-03-17T19:26:06.106360+00:00 [queued]>
[2022-03-17 19:26:21,262] {taskinstance.py:1032} INFO - Dependencies all met for <TaskInstance: gcs_ingestion_dag_song_feat_v02.extract_from_zip_task manual__2022-03-17T19:26:06.106360+00:00 [queued]>
[2022-03-17 19:26:21,262] {taskinstance.py:1238} INFO - 
--------------------------------------------------------------------------------
[2022-03-17 19:26:21,262] {taskinstance.py:1239} INFO - Starting attempt 1 of 2
[2022-03-17 19:26:21,262] {taskinstance.py:1240} INFO - 
--------------------------------------------------------------------------------
[2022-03-17 19:26:21,270] {taskinstance.py:1259} INFO - Executing <Task(PythonOperator): extract_from_zip_task> on 2022-03-17 19:26:06.106360+00:00
[2022-03-17 19:26:21,275] {standard_task_runner.py:52} INFO - Started process 2352 to run task
[2022-03-17 19:26:21,277] {standard_task_runner.py:76} INFO - Running: ['***', 'tasks', 'run', 'gcs_ingestion_dag_song_feat_v02', 'extract_from_zip_task', 'manual__2022-03-17T19:26:06.106360+00:00', '--job-id', '156', '--raw', '--subdir', 'DAGS_FOLDER/gcs_ingestion_dag_song_feat_v02.py', '--cfg-path', '/tmp/tmpc5_4_lyb', '--error-file', '/tmp/tmp25wcnke1']
[2022-03-17 19:26:21,277] {standard_task_runner.py:77} INFO - Job 156: Subtask extract_from_zip_task
[2022-03-17 19:26:21,314] {logging_mixin.py:109} INFO - Running <TaskInstance: gcs_ingestion_dag_song_feat_v02.extract_from_zip_task manual__2022-03-17T19:26:06.106360+00:00 [running]> on host 05b31071f52d
[2022-03-17 19:26:21,347] {taskinstance.py:1426} INFO - Exporting the following env vars:
AIRFLOW_CTX_DAG_OWNER=***
AIRFLOW_CTX_DAG_ID=gcs_ingestion_dag_song_feat_v02
AIRFLOW_CTX_TASK_ID=extract_from_zip_task
AIRFLOW_CTX_EXECUTION_DATE=2022-03-17T19:26:06.106360+00:00
AIRFLOW_CTX_DAG_RUN_ID=manual__2022-03-17T19:26:06.106360+00:00
[2022-03-17 19:26:21,363] {python.py:175} INFO - Done. Returned value was: None
[2022-03-17 19:26:21,370] {taskinstance.py:1277} INFO - Marking task as SUCCESS. dag_id=gcs_ingestion_dag_song_feat_v02, task_id=extract_from_zip_task, execution_date=20220317T192606, start_date=20220317T192621, end_date=20220317T192621
[2022-03-17 19:26:21,408] {local_task_job.py:154} INFO - Task exited with return code 0
[2022-03-17 19:26:21,436] {local_task_job.py:264} INFO - 1 downstream tasks scheduled from follow-on schedule check
