[2022-03-16 20:35:55,637] {taskinstance.py:1032} INFO - Dependencies all met for <TaskInstance: gcs_ingestion_dag_song_pop.local_to_gcs_task scheduled__2022-03-16T00:00:00+00:00 [queued]>
[2022-03-16 20:35:55,644] {taskinstance.py:1032} INFO - Dependencies all met for <TaskInstance: gcs_ingestion_dag_song_pop.local_to_gcs_task scheduled__2022-03-16T00:00:00+00:00 [queued]>
[2022-03-16 20:35:55,644] {taskinstance.py:1238} INFO - 
--------------------------------------------------------------------------------
[2022-03-16 20:35:55,644] {taskinstance.py:1239} INFO - Starting attempt 1 of 2
[2022-03-16 20:35:55,644] {taskinstance.py:1240} INFO - 
--------------------------------------------------------------------------------
[2022-03-16 20:35:55,652] {taskinstance.py:1259} INFO - Executing <Task(PythonOperator): local_to_gcs_task> on 2022-03-16 00:00:00+00:00
[2022-03-16 20:35:55,657] {standard_task_runner.py:52} INFO - Started process 10052 to run task
[2022-03-16 20:35:55,659] {standard_task_runner.py:76} INFO - Running: ['***', 'tasks', 'run', 'gcs_ingestion_dag_song_pop', 'local_to_gcs_task', 'scheduled__2022-03-16T00:00:00+00:00', '--job-id', '128', '--raw', '--subdir', 'DAGS_FOLDER/gcs_ingestion_dag_song_pop.py', '--cfg-path', '/tmp/tmpgsiq9a13', '--error-file', '/tmp/tmptsk32hr8']
[2022-03-16 20:35:55,660] {standard_task_runner.py:77} INFO - Job 128: Subtask local_to_gcs_task
[2022-03-16 20:35:55,692] {logging_mixin.py:109} INFO - Running <TaskInstance: gcs_ingestion_dag_song_pop.local_to_gcs_task scheduled__2022-03-16T00:00:00+00:00 [running]> on host 56c17fb3521b
[2022-03-16 20:35:55,724] {taskinstance.py:1426} INFO - Exporting the following env vars:
AIRFLOW_CTX_DAG_OWNER=***
AIRFLOW_CTX_DAG_ID=gcs_ingestion_dag_song_pop
AIRFLOW_CTX_TASK_ID=local_to_gcs_task
AIRFLOW_CTX_EXECUTION_DATE=2022-03-16T00:00:00+00:00
AIRFLOW_CTX_DAG_RUN_ID=scheduled__2022-03-16T00:00:00+00:00
[2022-03-16 20:36:11,167] {python.py:175} INFO - Done. Returned value was: None
[2022-03-16 20:36:11,175] {taskinstance.py:1277} INFO - Marking task as SUCCESS. dag_id=gcs_ingestion_dag_song_pop, task_id=local_to_gcs_task, execution_date=20220316T000000, start_date=20220316T203555, end_date=20220316T203611
[2022-03-16 20:36:11,219] {local_task_job.py:154} INFO - Task exited with return code 0
[2022-03-16 20:36:11,238] {local_task_job.py:264} INFO - 0 downstream tasks scheduled from follow-on schedule check
