[2022-03-17 19:01:36,438] {taskinstance.py:1032} INFO - Dependencies all met for <TaskInstance: gcs_ingestion_dag_song_feat_v02.local_to_gcs_task manual__2022-03-17T19:01:14.510328+00:00 [queued]>
[2022-03-17 19:01:36,449] {taskinstance.py:1032} INFO - Dependencies all met for <TaskInstance: gcs_ingestion_dag_song_feat_v02.local_to_gcs_task manual__2022-03-17T19:01:14.510328+00:00 [queued]>
[2022-03-17 19:01:36,449] {taskinstance.py:1238} INFO - 
--------------------------------------------------------------------------------
[2022-03-17 19:01:36,449] {taskinstance.py:1239} INFO - Starting attempt 1 of 2
[2022-03-17 19:01:36,450] {taskinstance.py:1240} INFO - 
--------------------------------------------------------------------------------
[2022-03-17 19:01:36,460] {taskinstance.py:1259} INFO - Executing <Task(PythonOperator): local_to_gcs_task> on 2022-03-17 19:01:14.510328+00:00
[2022-03-17 19:01:36,466] {standard_task_runner.py:52} INFO - Started process 1164 to run task
[2022-03-17 19:01:36,468] {standard_task_runner.py:76} INFO - Running: ['***', 'tasks', 'run', 'gcs_ingestion_dag_song_feat_v02', 'local_to_gcs_task', 'manual__2022-03-17T19:01:14.510328+00:00', '--job-id', '152', '--raw', '--subdir', 'DAGS_FOLDER/gcs_ingestion_dag_song_feat_v02.py', '--cfg-path', '/tmp/tmp9dc13pl6', '--error-file', '/tmp/tmp7qerjozd']
[2022-03-17 19:01:36,469] {standard_task_runner.py:77} INFO - Job 152: Subtask local_to_gcs_task
[2022-03-17 19:01:36,504] {logging_mixin.py:109} INFO - Running <TaskInstance: gcs_ingestion_dag_song_feat_v02.local_to_gcs_task manual__2022-03-17T19:01:14.510328+00:00 [running]> on host 05b31071f52d
[2022-03-17 19:01:36,541] {taskinstance.py:1426} INFO - Exporting the following env vars:
AIRFLOW_CTX_DAG_OWNER=***
AIRFLOW_CTX_DAG_ID=gcs_ingestion_dag_song_feat_v02
AIRFLOW_CTX_TASK_ID=local_to_gcs_task
AIRFLOW_CTX_EXECUTION_DATE=2022-03-17T19:01:14.510328+00:00
AIRFLOW_CTX_DAG_RUN_ID=manual__2022-03-17T19:01:14.510328+00:00
[2022-03-17 19:01:38,960] {python.py:175} INFO - Done. Returned value was: None
[2022-03-17 19:01:38,967] {taskinstance.py:1277} INFO - Marking task as SUCCESS. dag_id=gcs_ingestion_dag_song_feat_v02, task_id=local_to_gcs_task, execution_date=20220317T190114, start_date=20220317T190136, end_date=20220317T190138
[2022-03-17 19:01:39,006] {local_task_job.py:154} INFO - Task exited with return code 0
[2022-03-17 19:01:39,033] {local_task_job.py:264} INFO - 1 downstream tasks scheduled from follow-on schedule check
