[2022-03-17 18:44:43,624] {taskinstance.py:1032} INFO - Dependencies all met for <TaskInstance: gcs_ingestion_dag_song_pop.download_dataset_task manual__2022-03-17T18:44:42.368942+00:00 [queued]>
[2022-03-17 18:44:43,632] {taskinstance.py:1032} INFO - Dependencies all met for <TaskInstance: gcs_ingestion_dag_song_pop.download_dataset_task manual__2022-03-17T18:44:42.368942+00:00 [queued]>
[2022-03-17 18:44:43,633] {taskinstance.py:1238} INFO - 
--------------------------------------------------------------------------------
[2022-03-17 18:44:43,633] {taskinstance.py:1239} INFO - Starting attempt 1 of 2
[2022-03-17 18:44:43,633] {taskinstance.py:1240} INFO - 
--------------------------------------------------------------------------------
[2022-03-17 18:44:43,641] {taskinstance.py:1259} INFO - Executing <Task(BashOperator): download_dataset_task> on 2022-03-17 18:44:42.368942+00:00
[2022-03-17 18:44:43,645] {standard_task_runner.py:52} INFO - Started process 313 to run task
[2022-03-17 18:44:43,647] {standard_task_runner.py:76} INFO - Running: ['***', 'tasks', 'run', 'gcs_ingestion_dag_song_pop', 'download_dataset_task', 'manual__2022-03-17T18:44:42.368942+00:00', '--job-id', '141', '--raw', '--subdir', 'DAGS_FOLDER/gcs_ingestion_dag_song_pop.py', '--cfg-path', '/tmp/tmp3reh6fhr', '--error-file', '/tmp/tmpvz35j95u']
[2022-03-17 18:44:43,648] {standard_task_runner.py:77} INFO - Job 141: Subtask download_dataset_task
[2022-03-17 18:44:43,685] {logging_mixin.py:109} INFO - Running <TaskInstance: gcs_ingestion_dag_song_pop.download_dataset_task manual__2022-03-17T18:44:42.368942+00:00 [running]> on host 05b31071f52d
[2022-03-17 18:44:43,720] {taskinstance.py:1426} INFO - Exporting the following env vars:
AIRFLOW_CTX_DAG_OWNER=***
AIRFLOW_CTX_DAG_ID=gcs_ingestion_dag_song_pop
AIRFLOW_CTX_TASK_ID=download_dataset_task
AIRFLOW_CTX_EXECUTION_DATE=2022-03-17T18:44:42.368942+00:00
AIRFLOW_CTX_DAG_RUN_ID=manual__2022-03-17T18:44:42.368942+00:00
[2022-03-17 18:44:43,721] {subprocess.py:62} INFO - Tmp dir root location: 
 /tmp
[2022-03-17 18:44:43,722] {subprocess.py:74} INFO - Running command: ['bash', '-c', 'curl -sSLf https://zenodo.org/record/4904639/files/musicoset_popularity.zip > /opt/***/musicoset_popularity.zip']
[2022-03-17 18:44:43,731] {subprocess.py:85} INFO - Output:
[2022-03-17 18:44:48,892] {subprocess.py:93} INFO - Command exited with return code 0
[2022-03-17 18:44:48,909] {taskinstance.py:1277} INFO - Marking task as SUCCESS. dag_id=gcs_ingestion_dag_song_pop, task_id=download_dataset_task, execution_date=20220317T184442, start_date=20220317T184443, end_date=20220317T184448
[2022-03-17 18:44:48,943] {local_task_job.py:154} INFO - Task exited with return code 0
[2022-03-17 18:44:48,968] {local_task_job.py:264} INFO - 1 downstream tasks scheduled from follow-on schedule check
