[2022-03-14 20:43:02,878] {taskinstance.py:1032} INFO - Dependencies all met for <TaskInstance: gcs_ingestion_dag_v02.download_dataset_task scheduled__2020-02-01T00:00:00+00:00 [queued]>
[2022-03-14 20:43:02,885] {taskinstance.py:1032} INFO - Dependencies all met for <TaskInstance: gcs_ingestion_dag_v02.download_dataset_task scheduled__2020-02-01T00:00:00+00:00 [queued]>
[2022-03-14 20:43:02,885] {taskinstance.py:1238} INFO - 
--------------------------------------------------------------------------------
[2022-03-14 20:43:02,885] {taskinstance.py:1239} INFO - Starting attempt 1 of 2
[2022-03-14 20:43:02,885] {taskinstance.py:1240} INFO - 
--------------------------------------------------------------------------------
[2022-03-14 20:43:02,892] {taskinstance.py:1259} INFO - Executing <Task(BashOperator): download_dataset_task> on 2020-02-01 00:00:00+00:00
[2022-03-14 20:43:02,897] {standard_task_runner.py:52} INFO - Started process 4884 to run task
[2022-03-14 20:43:02,899] {standard_task_runner.py:76} INFO - Running: ['***', 'tasks', 'run', 'gcs_ingestion_dag_v02', 'download_dataset_task', 'scheduled__2020-02-01T00:00:00+00:00', '--job-id', '15', '--raw', '--subdir', 'DAGS_FOLDER/gcs_ingestion_dag_v02.py', '--cfg-path', '/tmp/tmp05gzsllu', '--error-file', '/tmp/tmppivar0bb']
[2022-03-14 20:43:02,899] {standard_task_runner.py:77} INFO - Job 15: Subtask download_dataset_task
[2022-03-14 20:43:02,931] {logging_mixin.py:109} INFO - Running <TaskInstance: gcs_ingestion_dag_v02.download_dataset_task scheduled__2020-02-01T00:00:00+00:00 [running]> on host b52d638aa895
[2022-03-14 20:43:02,963] {taskinstance.py:1426} INFO - Exporting the following env vars:
AIRFLOW_CTX_DAG_OWNER=***
AIRFLOW_CTX_DAG_ID=gcs_ingestion_dag_v02
AIRFLOW_CTX_TASK_ID=download_dataset_task
AIRFLOW_CTX_EXECUTION_DATE=2020-02-01T00:00:00+00:00
AIRFLOW_CTX_DAG_RUN_ID=scheduled__2020-02-01T00:00:00+00:00
[2022-03-14 20:43:02,963] {subprocess.py:62} INFO - Tmp dir root location: 
 /tmp
[2022-03-14 20:43:02,964] {subprocess.py:74} INFO - Running command: ['bash', '-c', 'curl -sSLf https://www.dropbox.com/s/a1kl5e35j4o53mz/bandcamp-items-json.zip > /opt/***/bandcamp-items-json.zip']
[2022-03-14 20:43:02,973] {subprocess.py:85} INFO - Output:
[2022-03-14 20:43:41,283] {subprocess.py:93} INFO - Command exited with return code 0
[2022-03-14 20:43:41,350] {taskinstance.py:1277} INFO - Marking task as SUCCESS. dag_id=gcs_ingestion_dag_v02, task_id=download_dataset_task, execution_date=20200201T000000, start_date=20220314T204302, end_date=20220314T204341
[2022-03-14 20:43:41,421] {local_task_job.py:154} INFO - Task exited with return code 0
[2022-03-14 20:43:41,453] {local_task_job.py:264} INFO - 1 downstream tasks scheduled from follow-on schedule check
