[2022-03-17 19:26:22,369] {taskinstance.py:1032} INFO - Dependencies all met for <TaskInstance: gcs_ingestion_dag_song_feat_v02.format_to_parquet_task manual__2022-03-17T19:26:06.106360+00:00 [queued]>
[2022-03-17 19:26:22,375] {taskinstance.py:1032} INFO - Dependencies all met for <TaskInstance: gcs_ingestion_dag_song_feat_v02.format_to_parquet_task manual__2022-03-17T19:26:06.106360+00:00 [queued]>
[2022-03-17 19:26:22,376] {taskinstance.py:1238} INFO - 
--------------------------------------------------------------------------------
[2022-03-17 19:26:22,376] {taskinstance.py:1239} INFO - Starting attempt 1 of 2
[2022-03-17 19:26:22,376] {taskinstance.py:1240} INFO - 
--------------------------------------------------------------------------------
[2022-03-17 19:26:22,383] {taskinstance.py:1259} INFO - Executing <Task(PythonOperator): format_to_parquet_task> on 2022-03-17 19:26:06.106360+00:00
[2022-03-17 19:26:22,387] {standard_task_runner.py:52} INFO - Started process 2355 to run task
[2022-03-17 19:26:22,389] {standard_task_runner.py:76} INFO - Running: ['***', 'tasks', 'run', 'gcs_ingestion_dag_song_feat_v02', 'format_to_parquet_task', 'manual__2022-03-17T19:26:06.106360+00:00', '--job-id', '157', '--raw', '--subdir', 'DAGS_FOLDER/gcs_ingestion_dag_song_feat_v02.py', '--cfg-path', '/tmp/tmpyan_onk4', '--error-file', '/tmp/tmpsfqmurru']
[2022-03-17 19:26:22,390] {standard_task_runner.py:77} INFO - Job 157: Subtask format_to_parquet_task
[2022-03-17 19:26:22,424] {logging_mixin.py:109} INFO - Running <TaskInstance: gcs_ingestion_dag_song_feat_v02.format_to_parquet_task manual__2022-03-17T19:26:06.106360+00:00 [running]> on host 05b31071f52d
[2022-03-17 19:26:22,458] {taskinstance.py:1426} INFO - Exporting the following env vars:
AIRFLOW_CTX_DAG_OWNER=***
AIRFLOW_CTX_DAG_ID=gcs_ingestion_dag_song_feat_v02
AIRFLOW_CTX_TASK_ID=format_to_parquet_task
AIRFLOW_CTX_EXECUTION_DATE=2022-03-17T19:26:06.106360+00:00
AIRFLOW_CTX_DAG_RUN_ID=manual__2022-03-17T19:26:06.106360+00:00
[2022-03-17 19:26:22,552] {python.py:175} INFO - Done. Returned value was: None
[2022-03-17 19:26:22,560] {taskinstance.py:1277} INFO - Marking task as SUCCESS. dag_id=gcs_ingestion_dag_song_feat_v02, task_id=format_to_parquet_task, execution_date=20220317T192606, start_date=20220317T192622, end_date=20220317T192622
[2022-03-17 19:26:22,601] {local_task_job.py:154} INFO - Task exited with return code 0
[2022-03-17 19:26:22,625] {local_task_job.py:264} INFO - 1 downstream tasks scheduled from follow-on schedule check
