[2022-03-17 18:43:44,125] {taskinstance.py:1032} INFO - Dependencies all met for <TaskInstance: gcs_ingestion_dag_song_feat_v02.local_to_gcs_task manual__2022-03-17T18:43:21.273825+00:00 [queued]>
[2022-03-17 18:43:44,132] {taskinstance.py:1032} INFO - Dependencies all met for <TaskInstance: gcs_ingestion_dag_song_feat_v02.local_to_gcs_task manual__2022-03-17T18:43:21.273825+00:00 [queued]>
[2022-03-17 18:43:44,132] {taskinstance.py:1238} INFO - 
--------------------------------------------------------------------------------
[2022-03-17 18:43:44,132] {taskinstance.py:1239} INFO - Starting attempt 1 of 2
[2022-03-17 18:43:44,132] {taskinstance.py:1240} INFO - 
--------------------------------------------------------------------------------
[2022-03-17 18:43:44,139] {taskinstance.py:1259} INFO - Executing <Task(PythonOperator): local_to_gcs_task> on 2022-03-17 18:43:21.273825+00:00
[2022-03-17 18:43:44,144] {standard_task_runner.py:52} INFO - Started process 264 to run task
[2022-03-17 18:43:44,146] {standard_task_runner.py:76} INFO - Running: ['***', 'tasks', 'run', 'gcs_ingestion_dag_song_feat_v02', 'local_to_gcs_task', 'manual__2022-03-17T18:43:21.273825+00:00', '--job-id', '140', '--raw', '--subdir', 'DAGS_FOLDER/gcs_ingestion_dag_song_feat_v02.py', '--cfg-path', '/tmp/tmp2s3rvyel', '--error-file', '/tmp/tmpfcorrws1']
[2022-03-17 18:43:44,147] {standard_task_runner.py:77} INFO - Job 140: Subtask local_to_gcs_task
[2022-03-17 18:43:44,180] {logging_mixin.py:109} INFO - Running <TaskInstance: gcs_ingestion_dag_song_feat_v02.local_to_gcs_task manual__2022-03-17T18:43:21.273825+00:00 [running]> on host 05b31071f52d
[2022-03-17 18:43:44,214] {taskinstance.py:1426} INFO - Exporting the following env vars:
AIRFLOW_CTX_DAG_OWNER=***
AIRFLOW_CTX_DAG_ID=gcs_ingestion_dag_song_feat_v02
AIRFLOW_CTX_TASK_ID=local_to_gcs_task
AIRFLOW_CTX_EXECUTION_DATE=2022-03-17T18:43:21.273825+00:00
AIRFLOW_CTX_DAG_RUN_ID=manual__2022-03-17T18:43:21.273825+00:00
[2022-03-17 18:43:46,476] {python.py:175} INFO - Done. Returned value was: None
[2022-03-17 18:43:46,484] {taskinstance.py:1277} INFO - Marking task as SUCCESS. dag_id=gcs_ingestion_dag_song_feat_v02, task_id=local_to_gcs_task, execution_date=20220317T184321, start_date=20220317T184344, end_date=20220317T184346
[2022-03-17 18:43:46,524] {local_task_job.py:154} INFO - Task exited with return code 0
[2022-03-17 18:43:46,543] {local_task_job.py:264} INFO - 0 downstream tasks scheduled from follow-on schedule check
