[2022-03-16 20:30:59,875] {taskinstance.py:1032} INFO - Dependencies all met for <TaskInstance: gcs_ingestion_dag_song_feat_v02.format_to_parquet_task manual__2022-03-16T20:16:22.667936+00:00 [queued]>
[2022-03-16 20:30:59,882] {taskinstance.py:1032} INFO - Dependencies all met for <TaskInstance: gcs_ingestion_dag_song_feat_v02.format_to_parquet_task manual__2022-03-16T20:16:22.667936+00:00 [queued]>
[2022-03-16 20:30:59,883] {taskinstance.py:1238} INFO - 
--------------------------------------------------------------------------------
[2022-03-16 20:30:59,883] {taskinstance.py:1239} INFO - Starting attempt 1 of 2
[2022-03-16 20:30:59,883] {taskinstance.py:1240} INFO - 
--------------------------------------------------------------------------------
[2022-03-16 20:30:59,890] {taskinstance.py:1259} INFO - Executing <Task(PythonOperator): format_to_parquet_task> on 2022-03-16 20:16:22.667936+00:00
[2022-03-16 20:30:59,894] {standard_task_runner.py:52} INFO - Started process 9767 to run task
[2022-03-16 20:30:59,896] {standard_task_runner.py:76} INFO - Running: ['***', 'tasks', 'run', 'gcs_ingestion_dag_song_feat_v02', 'format_to_parquet_task', 'manual__2022-03-16T20:16:22.667936+00:00', '--job-id', '120', '--raw', '--subdir', 'DAGS_FOLDER/gcs_ingestion_dag_song_feat_v02.py', '--cfg-path', '/tmp/tmppw8jm_fi', '--error-file', '/tmp/tmpqnto28jh']
[2022-03-16 20:30:59,897] {standard_task_runner.py:77} INFO - Job 120: Subtask format_to_parquet_task
[2022-03-16 20:30:59,933] {logging_mixin.py:109} INFO - Running <TaskInstance: gcs_ingestion_dag_song_feat_v02.format_to_parquet_task manual__2022-03-16T20:16:22.667936+00:00 [running]> on host 56c17fb3521b
[2022-03-16 20:30:59,971] {taskinstance.py:1426} INFO - Exporting the following env vars:
AIRFLOW_CTX_DAG_OWNER=***
AIRFLOW_CTX_DAG_ID=gcs_ingestion_dag_song_feat_v02
AIRFLOW_CTX_TASK_ID=format_to_parquet_task
AIRFLOW_CTX_EXECUTION_DATE=2022-03-16T20:16:22.667936+00:00
AIRFLOW_CTX_DAG_RUN_ID=manual__2022-03-16T20:16:22.667936+00:00
[2022-03-16 20:31:00,070] {python.py:175} INFO - Done. Returned value was: None
[2022-03-16 20:31:00,078] {taskinstance.py:1277} INFO - Marking task as SUCCESS. dag_id=gcs_ingestion_dag_song_feat_v02, task_id=format_to_parquet_task, execution_date=20220316T201622, start_date=20220316T203059, end_date=20220316T203100
[2022-03-16 20:31:00,108] {local_task_job.py:154} INFO - Task exited with return code 0
[2022-03-16 20:31:00,130] {local_task_job.py:264} INFO - 1 downstream tasks scheduled from follow-on schedule check
