[2022-03-17 18:44:49,836] {taskinstance.py:1032} INFO - Dependencies all met for <TaskInstance: gcs_ingestion_dag_song_pop.extract_from_zip_task manual__2022-03-17T18:44:42.368942+00:00 [queued]>
[2022-03-17 18:44:49,843] {taskinstance.py:1032} INFO - Dependencies all met for <TaskInstance: gcs_ingestion_dag_song_pop.extract_from_zip_task manual__2022-03-17T18:44:42.368942+00:00 [queued]>
[2022-03-17 18:44:49,843] {taskinstance.py:1238} INFO - 
--------------------------------------------------------------------------------
[2022-03-17 18:44:49,843] {taskinstance.py:1239} INFO - Starting attempt 1 of 2
[2022-03-17 18:44:49,843] {taskinstance.py:1240} INFO - 
--------------------------------------------------------------------------------
[2022-03-17 18:44:49,851] {taskinstance.py:1259} INFO - Executing <Task(PythonOperator): extract_from_zip_task> on 2022-03-17 18:44:42.368942+00:00
[2022-03-17 18:44:49,856] {standard_task_runner.py:52} INFO - Started process 319 to run task
[2022-03-17 18:44:49,858] {standard_task_runner.py:76} INFO - Running: ['***', 'tasks', 'run', 'gcs_ingestion_dag_song_pop', 'extract_from_zip_task', 'manual__2022-03-17T18:44:42.368942+00:00', '--job-id', '142', '--raw', '--subdir', 'DAGS_FOLDER/gcs_ingestion_dag_song_pop.py', '--cfg-path', '/tmp/tmpxulsaakr', '--error-file', '/tmp/tmpobzo82hw']
[2022-03-17 18:44:49,858] {standard_task_runner.py:77} INFO - Job 142: Subtask extract_from_zip_task
[2022-03-17 18:44:49,895] {logging_mixin.py:109} INFO - Running <TaskInstance: gcs_ingestion_dag_song_pop.extract_from_zip_task manual__2022-03-17T18:44:42.368942+00:00 [running]> on host 05b31071f52d
[2022-03-17 18:44:49,932] {taskinstance.py:1426} INFO - Exporting the following env vars:
AIRFLOW_CTX_DAG_OWNER=***
AIRFLOW_CTX_DAG_ID=gcs_ingestion_dag_song_pop
AIRFLOW_CTX_TASK_ID=extract_from_zip_task
AIRFLOW_CTX_EXECUTION_DATE=2022-03-17T18:44:42.368942+00:00
AIRFLOW_CTX_DAG_RUN_ID=manual__2022-03-17T18:44:42.368942+00:00
[2022-03-17 18:44:49,980] {python.py:175} INFO - Done. Returned value was: None
[2022-03-17 18:44:49,989] {taskinstance.py:1277} INFO - Marking task as SUCCESS. dag_id=gcs_ingestion_dag_song_pop, task_id=extract_from_zip_task, execution_date=20220317T184442, start_date=20220317T184449, end_date=20220317T184449
[2022-03-17 18:44:50,029] {local_task_job.py:154} INFO - Task exited with return code 0
[2022-03-17 18:44:50,056] {local_task_job.py:264} INFO - 1 downstream tasks scheduled from follow-on schedule check
