[2022-03-16 18:48:17,388] {processor.py:163} INFO - Started process (PID=17317) to work on /opt/airflow/dags/gcs_ingestion_dag_NEWDATA_pt1.py
[2022-03-16 18:48:17,389] {processor.py:642} INFO - Processing file /opt/airflow/dags/gcs_ingestion_dag_NEWDATA_pt1.py for tasks to queue
[2022-03-16 18:48:17,389] {logging_mixin.py:109} INFO - [2022-03-16 18:48:17,389] {dagbag.py:500} INFO - Filling up the DagBag from /opt/airflow/dags/gcs_ingestion_dag_NEWDATA_pt1.py
[2022-03-16 18:48:17,406] {processor.py:654} INFO - DAG(s) dict_keys(['gcs_ingestion_dag_v04_pt1']) retrieved from /opt/airflow/dags/gcs_ingestion_dag_NEWDATA_pt1.py
[2022-03-16 18:48:17,554] {logging_mixin.py:109} INFO - [2022-03-16 18:48:17,554] {dag.py:2396} INFO - Sync 1 DAGs
[2022-03-16 18:48:17,563] {logging_mixin.py:109} INFO - [2022-03-16 18:48:17,563] {dag.py:2935} INFO - Setting next_dagrun for gcs_ingestion_dag_v04_pt1 to None
[2022-03-16 18:48:17,571] {processor.py:171} INFO - Processing /opt/airflow/dags/gcs_ingestion_dag_NEWDATA_pt1.py took 0.184 seconds
[2022-03-16 18:48:47,880] {processor.py:163} INFO - Started process (PID=17424) to work on /opt/airflow/dags/gcs_ingestion_dag_NEWDATA_pt1.py
[2022-03-16 18:48:47,881] {processor.py:642} INFO - Processing file /opt/airflow/dags/gcs_ingestion_dag_NEWDATA_pt1.py for tasks to queue
[2022-03-16 18:48:47,881] {logging_mixin.py:109} INFO - [2022-03-16 18:48:47,881] {dagbag.py:500} INFO - Filling up the DagBag from /opt/airflow/dags/gcs_ingestion_dag_NEWDATA_pt1.py
[2022-03-16 18:48:47,898] {processor.py:654} INFO - DAG(s) dict_keys(['gcs_ingestion_dag_v04_pt1']) retrieved from /opt/airflow/dags/gcs_ingestion_dag_NEWDATA_pt1.py
[2022-03-16 18:48:47,904] {logging_mixin.py:109} INFO - [2022-03-16 18:48:47,904] {dag.py:2396} INFO - Sync 1 DAGs
[2022-03-16 18:48:47,915] {logging_mixin.py:109} INFO - [2022-03-16 18:48:47,915] {dag.py:2935} INFO - Setting next_dagrun for gcs_ingestion_dag_v04_pt1 to None
[2022-03-16 18:48:47,921] {processor.py:171} INFO - Processing /opt/airflow/dags/gcs_ingestion_dag_NEWDATA_pt1.py took 0.043 seconds
[2022-03-16 18:49:18,104] {processor.py:163} INFO - Started process (PID=17541) to work on /opt/airflow/dags/gcs_ingestion_dag_NEWDATA_pt1.py
[2022-03-16 18:49:18,106] {processor.py:642} INFO - Processing file /opt/airflow/dags/gcs_ingestion_dag_NEWDATA_pt1.py for tasks to queue
[2022-03-16 18:49:18,106] {logging_mixin.py:109} INFO - [2022-03-16 18:49:18,106] {dagbag.py:500} INFO - Filling up the DagBag from /opt/airflow/dags/gcs_ingestion_dag_NEWDATA_pt1.py
[2022-03-16 18:49:18,123] {processor.py:654} INFO - DAG(s) dict_keys(['gcs_ingestion_dag_v04_pt1']) retrieved from /opt/airflow/dags/gcs_ingestion_dag_NEWDATA_pt1.py
[2022-03-16 18:49:18,126] {logging_mixin.py:109} INFO - [2022-03-16 18:49:18,125] {dag.py:2396} INFO - Sync 1 DAGs
[2022-03-16 18:49:18,136] {logging_mixin.py:109} INFO - [2022-03-16 18:49:18,136] {dag.py:2935} INFO - Setting next_dagrun for gcs_ingestion_dag_v04_pt1 to None
[2022-03-16 18:49:18,142] {processor.py:171} INFO - Processing /opt/airflow/dags/gcs_ingestion_dag_NEWDATA_pt1.py took 0.040 seconds
[2022-03-16 18:49:49,087] {processor.py:163} INFO - Started process (PID=17658) to work on /opt/airflow/dags/gcs_ingestion_dag_NEWDATA_pt1.py
[2022-03-16 18:49:49,089] {processor.py:642} INFO - Processing file /opt/airflow/dags/gcs_ingestion_dag_NEWDATA_pt1.py for tasks to queue
[2022-03-16 18:49:49,090] {logging_mixin.py:109} INFO - [2022-03-16 18:49:49,090] {dagbag.py:500} INFO - Filling up the DagBag from /opt/airflow/dags/gcs_ingestion_dag_NEWDATA_pt1.py
[2022-03-16 18:49:49,111] {processor.py:654} INFO - DAG(s) dict_keys(['gcs_ingestion_dag_v04_pt1']) retrieved from /opt/airflow/dags/gcs_ingestion_dag_NEWDATA_pt1.py
[2022-03-16 18:49:49,288] {logging_mixin.py:109} INFO - [2022-03-16 18:49:49,288] {dag.py:2396} INFO - Sync 1 DAGs
[2022-03-16 18:49:49,301] {logging_mixin.py:109} INFO - [2022-03-16 18:49:49,301] {dag.py:2935} INFO - Setting next_dagrun for gcs_ingestion_dag_v04_pt1 to None
[2022-03-16 18:49:49,310] {processor.py:171} INFO - Processing /opt/airflow/dags/gcs_ingestion_dag_NEWDATA_pt1.py took 0.224 seconds
