[2022-03-16 20:05:19,261] {taskinstance.py:1032} INFO - Dependencies all met for <TaskInstance: gcs_ingestion_dag_song_feat.download_dataset_task scheduled__2022-03-16T00:00:00+00:00 [queued]>
[2022-03-16 20:05:19,268] {taskinstance.py:1032} INFO - Dependencies all met for <TaskInstance: gcs_ingestion_dag_song_feat.download_dataset_task scheduled__2022-03-16T00:00:00+00:00 [queued]>
[2022-03-16 20:05:19,268] {taskinstance.py:1238} INFO - 
--------------------------------------------------------------------------------
[2022-03-16 20:05:19,268] {taskinstance.py:1239} INFO - Starting attempt 2 of 3
[2022-03-16 20:05:19,268] {taskinstance.py:1240} INFO - 
--------------------------------------------------------------------------------
[2022-03-16 20:05:19,276] {taskinstance.py:1259} INFO - Executing <Task(BashOperator): download_dataset_task> on 2022-03-16 00:00:00+00:00
[2022-03-16 20:05:19,281] {standard_task_runner.py:52} INFO - Started process 8469 to run task
[2022-03-16 20:05:19,283] {standard_task_runner.py:76} INFO - Running: ['***', 'tasks', 'run', 'gcs_ingestion_dag_song_feat', 'download_dataset_task', 'scheduled__2022-03-16T00:00:00+00:00', '--job-id', '99', '--raw', '--subdir', 'DAGS_FOLDER/gcs_ingestion_dag_song_feat.py', '--cfg-path', '/tmp/tmpkofpu1sb', '--error-file', '/tmp/tmplrgfmplk']
[2022-03-16 20:05:19,283] {standard_task_runner.py:77} INFO - Job 99: Subtask download_dataset_task
[2022-03-16 20:05:19,314] {logging_mixin.py:109} INFO - Running <TaskInstance: gcs_ingestion_dag_song_feat.download_dataset_task scheduled__2022-03-16T00:00:00+00:00 [running]> on host 56c17fb3521b
[2022-03-16 20:05:19,344] {taskinstance.py:1426} INFO - Exporting the following env vars:
AIRFLOW_CTX_DAG_OWNER=***
AIRFLOW_CTX_DAG_ID=gcs_ingestion_dag_song_feat
AIRFLOW_CTX_TASK_ID=download_dataset_task
AIRFLOW_CTX_EXECUTION_DATE=2022-03-16T00:00:00+00:00
AIRFLOW_CTX_DAG_RUN_ID=scheduled__2022-03-16T00:00:00+00:00
[2022-03-16 20:05:19,344] {subprocess.py:62} INFO - Tmp dir root location: 
 /tmp
[2022-03-16 20:05:19,345] {subprocess.py:74} INFO - Running command: ['bash', '-c', 'curl -sSLf https://zenodo.org/record/4904639/files/musicoset_songfeatures.zip > /opt/***/musicoset_songfeatures.zip']
[2022-03-16 20:05:19,354] {subprocess.py:85} INFO - Output:
[2022-03-16 20:05:34,511] {subprocess.py:93} INFO - Command exited with return code 0
[2022-03-16 20:05:34,528] {taskinstance.py:1277} INFO - Marking task as SUCCESS. dag_id=gcs_ingestion_dag_song_feat, task_id=download_dataset_task, execution_date=20220316T000000, start_date=20220316T200519, end_date=20220316T200534
[2022-03-16 20:05:34,562] {local_task_job.py:154} INFO - Task exited with return code 0
[2022-03-16 20:05:34,586] {local_task_job.py:264} INFO - 1 downstream tasks scheduled from follow-on schedule check
